This is pdfTeX, Version 3.1415926-1.40.10 (TeX Live 2009/Debian) (format=pdflatex 2013.7.16)  3 JUL 2014 23:11
entering extended mode
 %&-line parsing enabled.
**prolat.tex
(./prolat.tex
LaTeX2e <2009/09/24>
Babel <v3.8l> and hyphenation patterns for english, usenglishmax, dumylang, noh
yphenation, farsi, arabic, croatian, bulgarian, ukrainian, russian, czech, slov
ak, danish, dutch, finnish, french, basque, ngerman, german, german-x-2009-06-1
9, ngerman-x-2009-06-19, ibycus, monogreek, greek, ancientgreek, hungarian, san
skrit, italian, latin, latvian, lithuanian, mongolian2a, mongolian, bokmal, nyn
orsk, romanian, irish, coptic, serbian, turkish, welsh, esperanto, uppersorbian
, estonian, indonesian, interlingua, icelandic, kurmanji, slovenian, polish, po
rtuguese, spanish, galician, catalan, swedish, ukenglish, pinyin, loaded.
(/usr/share/texmf-texlive/tex/latex/base/book.cls
Document Class: book 2007/10/19 v1.4h Standard LaTeX document class
(/usr/share/texmf-texlive/tex/latex/base/bk11.clo
File: bk11.clo 2007/10/19 v1.4h Standard LaTeX file (size option)
)
\c@part=\count79
\c@chapter=\count80
\c@section=\count81
\c@subsection=\count82
\c@subsubsection=\count83
\c@paragraph=\count84
\c@subparagraph=\count85
\c@figure=\count86
\c@table=\count87
\abovecaptionskip=\skip41
\belowcaptionskip=\skip42
\bibindent=\dimen102
)
(/usr/share/texmf-texlive/tex/latex/base/inputenc.sty
Package: inputenc 2008/03/30 v1.1d Input encoding file
\inpenc@prehook=\toks14
\inpenc@posthook=\toks15

(/usr/share/texmf-texlive/tex/latex/base/utf8.def
File: utf8.def 2008/04/05 v1.1m UTF-8 support for inputenc
Now handling font encoding OML ...
... no UTF-8 mapping file for font encoding OML
Now handling font encoding T1 ...
... processing UTF-8 mapping file for font encoding T1

(/usr/share/texmf-texlive/tex/latex/base/t1enc.dfu
File: t1enc.dfu 2008/04/05 v1.1m UTF-8 support for inputenc
   defining Unicode char U+00A1 (decimal 161)
   defining Unicode char U+00A3 (decimal 163)
   defining Unicode char U+00AB (decimal 171)
   defining Unicode char U+00BB (decimal 187)
   defining Unicode char U+00BF (decimal 191)
   defining Unicode char U+00C0 (decimal 192)
   defining Unicode char U+00C1 (decimal 193)
   defining Unicode char U+00C2 (decimal 194)
   defining Unicode char U+00C3 (decimal 195)
   defining Unicode char U+00C4 (decimal 196)
   defining Unicode char U+00C5 (decimal 197)
   defining Unicode char U+00C6 (decimal 198)
   defining Unicode char U+00C7 (decimal 199)
   defining Unicode char U+00C8 (decimal 200)
   defining Unicode char U+00C9 (decimal 201)
   defining Unicode char U+00CA (decimal 202)
   defining Unicode char U+00CB (decimal 203)
   defining Unicode char U+00CC (decimal 204)
   defining Unicode char U+00CD (decimal 205)
   defining Unicode char U+00CE (decimal 206)
   defining Unicode char U+00CF (decimal 207)
   defining Unicode char U+00D0 (decimal 208)
   defining Unicode char U+00D1 (decimal 209)
   defining Unicode char U+00D2 (decimal 210)
   defining Unicode char U+00D3 (decimal 211)
   defining Unicode char U+00D4 (decimal 212)
   defining Unicode char U+00D5 (decimal 213)
   defining Unicode char U+00D6 (decimal 214)
   defining Unicode char U+00D8 (decimal 216)
   defining Unicode char U+00D9 (decimal 217)
   defining Unicode char U+00DA (decimal 218)
   defining Unicode char U+00DB (decimal 219)
   defining Unicode char U+00DC (decimal 220)
   defining Unicode char U+00DD (decimal 221)
   defining Unicode char U+00DE (decimal 222)
   defining Unicode char U+00DF (decimal 223)
   defining Unicode char U+00E0 (decimal 224)
   defining Unicode char U+00E1 (decimal 225)
   defining Unicode char U+00E2 (decimal 226)
   defining Unicode char U+00E3 (decimal 227)
   defining Unicode char U+00E4 (decimal 228)
   defining Unicode char U+00E5 (decimal 229)
   defining Unicode char U+00E6 (decimal 230)
   defining Unicode char U+00E7 (decimal 231)
   defining Unicode char U+00E8 (decimal 232)
   defining Unicode char U+00E9 (decimal 233)
   defining Unicode char U+00EA (decimal 234)
   defining Unicode char U+00EB (decimal 235)
   defining Unicode char U+00EC (decimal 236)
   defining Unicode char U+00ED (decimal 237)
   defining Unicode char U+00EE (decimal 238)
   defining Unicode char U+00EF (decimal 239)
   defining Unicode char U+00F0 (decimal 240)
   defining Unicode char U+00F1 (decimal 241)
   defining Unicode char U+00F2 (decimal 242)
   defining Unicode char U+00F3 (decimal 243)
   defining Unicode char U+00F4 (decimal 244)
   defining Unicode char U+00F5 (decimal 245)
   defining Unicode char U+00F6 (decimal 246)
   defining Unicode char U+00F8 (decimal 248)
   defining Unicode char U+00F9 (decimal 249)
   defining Unicode char U+00FA (decimal 250)
   defining Unicode char U+00FB (decimal 251)
   defining Unicode char U+00FC (decimal 252)
   defining Unicode char U+00FD (decimal 253)
   defining Unicode char U+00FE (decimal 254)
   defining Unicode char U+00FF (decimal 255)
   defining Unicode char U+0102 (decimal 258)
   defining Unicode char U+0103 (decimal 259)
   defining Unicode char U+0104 (decimal 260)
   defining Unicode char U+0105 (decimal 261)
   defining Unicode char U+0106 (decimal 262)
   defining Unicode char U+0107 (decimal 263)
   defining Unicode char U+010C (decimal 268)
   defining Unicode char U+010D (decimal 269)
   defining Unicode char U+010E (decimal 270)
   defining Unicode char U+010F (decimal 271)
   defining Unicode char U+0110 (decimal 272)
   defining Unicode char U+0111 (decimal 273)
   defining Unicode char U+0118 (decimal 280)
   defining Unicode char U+0119 (decimal 281)
   defining Unicode char U+011A (decimal 282)
   defining Unicode char U+011B (decimal 283)
   defining Unicode char U+011E (decimal 286)
   defining Unicode char U+011F (decimal 287)
   defining Unicode char U+0130 (decimal 304)
   defining Unicode char U+0131 (decimal 305)
   defining Unicode char U+0132 (decimal 306)
   defining Unicode char U+0133 (decimal 307)
   defining Unicode char U+0139 (decimal 313)
   defining Unicode char U+013A (decimal 314)
   defining Unicode char U+013D (decimal 317)
   defining Unicode char U+013E (decimal 318)
   defining Unicode char U+0141 (decimal 321)
   defining Unicode char U+0142 (decimal 322)
   defining Unicode char U+0143 (decimal 323)
   defining Unicode char U+0144 (decimal 324)
   defining Unicode char U+0147 (decimal 327)
   defining Unicode char U+0148 (decimal 328)
   defining Unicode char U+014A (decimal 330)
   defining Unicode char U+014B (decimal 331)
   defining Unicode char U+0150 (decimal 336)
   defining Unicode char U+0151 (decimal 337)
   defining Unicode char U+0152 (decimal 338)
   defining Unicode char U+0153 (decimal 339)
   defining Unicode char U+0154 (decimal 340)
   defining Unicode char U+0155 (decimal 341)
   defining Unicode char U+0158 (decimal 344)
   defining Unicode char U+0159 (decimal 345)
   defining Unicode char U+015A (decimal 346)
   defining Unicode char U+015B (decimal 347)
   defining Unicode char U+015E (decimal 350)
   defining Unicode char U+015F (decimal 351)
   defining Unicode char U+0160 (decimal 352)
   defining Unicode char U+0161 (decimal 353)
   defining Unicode char U+0162 (decimal 354)
   defining Unicode char U+0163 (decimal 355)
   defining Unicode char U+0164 (decimal 356)
   defining Unicode char U+0165 (decimal 357)
   defining Unicode char U+016E (decimal 366)
   defining Unicode char U+016F (decimal 367)
   defining Unicode char U+0170 (decimal 368)
   defining Unicode char U+0171 (decimal 369)
   defining Unicode char U+0178 (decimal 376)
   defining Unicode char U+0179 (decimal 377)
   defining Unicode char U+017A (decimal 378)
   defining Unicode char U+017B (decimal 379)
   defining Unicode char U+017C (decimal 380)
   defining Unicode char U+017D (decimal 381)
   defining Unicode char U+017E (decimal 382)
   defining Unicode char U+200C (decimal 8204)
   defining Unicode char U+2013 (decimal 8211)
   defining Unicode char U+2014 (decimal 8212)
   defining Unicode char U+2018 (decimal 8216)
   defining Unicode char U+2019 (decimal 8217)
   defining Unicode char U+201A (decimal 8218)
   defining Unicode char U+201C (decimal 8220)
   defining Unicode char U+201D (decimal 8221)
   defining Unicode char U+201E (decimal 8222)
   defining Unicode char U+2030 (decimal 8240)
   defining Unicode char U+2031 (decimal 8241)
   defining Unicode char U+2039 (decimal 8249)
   defining Unicode char U+203A (decimal 8250)
   defining Unicode char U+2423 (decimal 9251)
)
Now handling font encoding OT1 ...
... processing UTF-8 mapping file for font encoding OT1

(/usr/share/texmf-texlive/tex/latex/base/ot1enc.dfu
File: ot1enc.dfu 2008/04/05 v1.1m UTF-8 support for inputenc
   defining Unicode char U+00A1 (decimal 161)
   defining Unicode char U+00A3 (decimal 163)
   defining Unicode char U+00B8 (decimal 184)
   defining Unicode char U+00BF (decimal 191)
   defining Unicode char U+00C5 (decimal 197)
   defining Unicode char U+00C6 (decimal 198)
   defining Unicode char U+00D8 (decimal 216)
   defining Unicode char U+00DF (decimal 223)
   defining Unicode char U+00E6 (decimal 230)
   defining Unicode char U+00EC (decimal 236)
   defining Unicode char U+00ED (decimal 237)
   defining Unicode char U+00EE (decimal 238)
   defining Unicode char U+00EF (decimal 239)
   defining Unicode char U+00F8 (decimal 248)
   defining Unicode char U+0131 (decimal 305)
   defining Unicode char U+0141 (decimal 321)
   defining Unicode char U+0142 (decimal 322)
   defining Unicode char U+0152 (decimal 338)
   defining Unicode char U+0153 (decimal 339)
   defining Unicode char U+2013 (decimal 8211)
   defining Unicode char U+2014 (decimal 8212)
   defining Unicode char U+2018 (decimal 8216)
   defining Unicode char U+2019 (decimal 8217)
   defining Unicode char U+201C (decimal 8220)
   defining Unicode char U+201D (decimal 8221)
)
Now handling font encoding OMS ...
... processing UTF-8 mapping file for font encoding OMS

(/usr/share/texmf-texlive/tex/latex/base/omsenc.dfu
File: omsenc.dfu 2008/04/05 v1.1m UTF-8 support for inputenc
   defining Unicode char U+00A7 (decimal 167)
   defining Unicode char U+00B6 (decimal 182)
   defining Unicode char U+00B7 (decimal 183)
   defining Unicode char U+2020 (decimal 8224)
   defining Unicode char U+2021 (decimal 8225)
   defining Unicode char U+2022 (decimal 8226)
)
Now handling font encoding OMX ...
... no UTF-8 mapping file for font encoding OMX
Now handling font encoding U ...
... no UTF-8 mapping file for font encoding U
   defining Unicode char U+00A9 (decimal 169)
   defining Unicode char U+00AA (decimal 170)
   defining Unicode char U+00AE (decimal 174)
   defining Unicode char U+00BA (decimal 186)
   defining Unicode char U+02C6 (decimal 710)
   defining Unicode char U+02DC (decimal 732)
   defining Unicode char U+200C (decimal 8204)
   defining Unicode char U+2026 (decimal 8230)
   defining Unicode char U+2122 (decimal 8482)
   defining Unicode char U+2423 (decimal 9251)
))
(/var/lib/texmf/tex/generic/babel/babel.sty
Package: babel 2008/07/06 v3.8l The Babel package

(/usr/share/texmf-texlive/tex/generic/babel/spanish.ldf
Language: spanish.ldf 2009/01/02 v5.0h Spanish support from the babel system

(/usr/share/texmf-texlive/tex/generic/babel/babel.def
File: babel.def 2008/07/06 v3.8l Babel common definitions
\babel@savecnt=\count88
\U@D=\dimen103
)
\es@datefmt=\count89
\es@quottoks=\toks16
\es@quotdepth=\count90
Package babel Info: Making " an active character on input line 492.
Package babel Info: Making . an active character on input line 585.
Package babel Info: Making < an active character on input line 630.
Package babel Info: Making > an active character on input line 630.
))
(/usr/share/texmf-texlive/tex/latex/amsmath/amsmath.sty
Package: amsmath 2000/07/18 v2.13 AMS math features
\@mathmargin=\skip43

For additional information on amsmath, use the `?' option.
(/usr/share/texmf-texlive/tex/latex/amsmath/amstext.sty
Package: amstext 2000/06/29 v2.01

(/usr/share/texmf-texlive/tex/latex/amsmath/amsgen.sty
File: amsgen.sty 1999/11/30 v2.0
\@emptytoks=\toks17
\ex@=\dimen104
))
(/usr/share/texmf-texlive/tex/latex/amsmath/amsbsy.sty
Package: amsbsy 1999/11/29 v1.2d
\pmbraise@=\dimen105
)
(/usr/share/texmf-texlive/tex/latex/amsmath/amsopn.sty
Package: amsopn 1999/12/14 v2.01 operator names
)
\inf@bad=\count91
LaTeX Info: Redefining \frac on input line 211.
\uproot@=\count92
\leftroot@=\count93
LaTeX Info: Redefining \overline on input line 307.
\classnum@=\count94
\DOTSCASE@=\count95
LaTeX Info: Redefining \ldots on input line 379.
LaTeX Info: Redefining \dots on input line 382.
LaTeX Info: Redefining \cdots on input line 467.
\Mathstrutbox@=\box26
\strutbox@=\box27
\big@size=\dimen106
LaTeX Font Info:    Redeclaring font encoding OML on input line 567.
LaTeX Font Info:    Redeclaring font encoding OMS on input line 568.
\macc@depth=\count96
\c@MaxMatrixCols=\count97
\dotsspace@=\muskip10
\c@parentequation=\count98
\dspbrk@lvl=\count99
\tag@help=\toks18
\row@=\count100
\column@=\count101
\maxfields@=\count102
\andhelp@=\toks19
\eqnshift@=\dimen107
\alignsep@=\dimen108
\tagshift@=\dimen109
\tagwidth@=\dimen110
\totwidth@=\dimen111
\lineht@=\dimen112
\@envbody=\toks20
\multlinegap=\skip44
\multlinetaggap=\skip45
\mathdisplay@stack=\toks21
LaTeX Info: Redefining \[ on input line 2666.
LaTeX Info: Redefining \] on input line 2667.
)
(/usr/share/texmf-texlive/tex/latex/amscls/amsthm.sty
Package: amsthm 2004/08/06 v2.20
\thm@style=\toks22
\thm@bodyfont=\toks23
\thm@headfont=\toks24
\thm@notefont=\toks25
\thm@headpunct=\toks26
\thm@preskip=\skip46
\thm@postskip=\skip47
\thm@headsep=\skip48
\dth@everypar=\toks27
)
(/usr/share/texmf-texlive/tex/latex/amsfonts/amsfonts.sty
Package: amsfonts 2009/06/22 v3.00 Basic AMSFonts support
\symAMSa=\mathgroup4
\symAMSb=\mathgroup5
LaTeX Font Info:    Overwriting math alphabet `\mathfrak' in version `bold'
(Font)                  U/euf/m/n --> U/euf/b/n on input line 96.
)
(/usr/share/texmf-texlive/tex/latex/base/textcomp.sty
Package: textcomp 2005/09/27 v1.99g Standard LaTeX package
Package textcomp Info: Sub-encoding information:
(textcomp)               5 = only ISO-Adobe without \textcurrency
(textcomp)               4 = 5 + \texteuro
(textcomp)               3 = 4 + \textohm
(textcomp)               2 = 3 + \textestimated + \textcurrency
(textcomp)               1 = TS1 - \textcircled - \t
(textcomp)               0 = TS1 (full)
(textcomp)             Font families with sub-encoding setting implement
(textcomp)             only a restricted character set as indicated.
(textcomp)             Family '?' is the default used for unknown fonts.
(textcomp)             See the documentation for details.
Package textcomp Info: Setting ? sub-encoding to TS1/1 on input line 71.

(/usr/share/texmf-texlive/tex/latex/base/ts1enc.def
File: ts1enc.def 2001/06/05 v3.0e (jk/car/fm) Standard LaTeX file
Now handling font encoding TS1 ...
... processing UTF-8 mapping file for font encoding TS1

(/usr/share/texmf-texlive/tex/latex/base/ts1enc.dfu
File: ts1enc.dfu 2008/04/05 v1.1m UTF-8 support for inputenc
   defining Unicode char U+00A2 (decimal 162)
   defining Unicode char U+00A3 (decimal 163)
   defining Unicode char U+00A4 (decimal 164)
   defining Unicode char U+00A5 (decimal 165)
   defining Unicode char U+00A6 (decimal 166)
   defining Unicode char U+00A7 (decimal 167)
   defining Unicode char U+00A8 (decimal 168)
   defining Unicode char U+00A9 (decimal 169)
   defining Unicode char U+00AA (decimal 170)
   defining Unicode char U+00AC (decimal 172)
   defining Unicode char U+00AE (decimal 174)
   defining Unicode char U+00AF (decimal 175)
   defining Unicode char U+00B0 (decimal 176)
   defining Unicode char U+00B1 (decimal 177)
   defining Unicode char U+00B2 (decimal 178)
   defining Unicode char U+00B3 (decimal 179)
   defining Unicode char U+00B4 (decimal 180)
   defining Unicode char U+00B5 (decimal 181)
   defining Unicode char U+00B6 (decimal 182)
   defining Unicode char U+00B7 (decimal 183)
   defining Unicode char U+00B9 (decimal 185)
   defining Unicode char U+00BA (decimal 186)
   defining Unicode char U+00BC (decimal 188)
   defining Unicode char U+00BD (decimal 189)
   defining Unicode char U+00BE (decimal 190)
   defining Unicode char U+00D7 (decimal 215)
   defining Unicode char U+00F7 (decimal 247)
   defining Unicode char U+0192 (decimal 402)
   defining Unicode char U+02C7 (decimal 711)
   defining Unicode char U+02D8 (decimal 728)
   defining Unicode char U+02DD (decimal 733)
   defining Unicode char U+0E3F (decimal 3647)
   defining Unicode char U+2016 (decimal 8214)
   defining Unicode char U+2020 (decimal 8224)
   defining Unicode char U+2021 (decimal 8225)
   defining Unicode char U+2022 (decimal 8226)
   defining Unicode char U+2030 (decimal 8240)
   defining Unicode char U+2031 (decimal 8241)
   defining Unicode char U+203B (decimal 8251)
   defining Unicode char U+203D (decimal 8253)
   defining Unicode char U+2044 (decimal 8260)
   defining Unicode char U+204E (decimal 8270)
   defining Unicode char U+2052 (decimal 8274)
   defining Unicode char U+20A1 (decimal 8353)
   defining Unicode char U+20A4 (decimal 8356)
   defining Unicode char U+20A6 (decimal 8358)
   defining Unicode char U+20A9 (decimal 8361)
   defining Unicode char U+20AB (decimal 8363)
   defining Unicode char U+20AC (decimal 8364)
   defining Unicode char U+20B1 (decimal 8369)
   defining Unicode char U+2103 (decimal 8451)
   defining Unicode char U+2116 (decimal 8470)
   defining Unicode char U+2117 (decimal 8471)
   defining Unicode char U+211E (decimal 8478)
   defining Unicode char U+2120 (decimal 8480)
   defining Unicode char U+2122 (decimal 8482)
   defining Unicode char U+2126 (decimal 8486)
   defining Unicode char U+2127 (decimal 8487)
   defining Unicode char U+212E (decimal 8494)
   defining Unicode char U+2190 (decimal 8592)
   defining Unicode char U+2191 (decimal 8593)
   defining Unicode char U+2192 (decimal 8594)
   defining Unicode char U+2193 (decimal 8595)
   defining Unicode char U+2329 (decimal 9001)
   defining Unicode char U+232A (decimal 9002)
   defining Unicode char U+2422 (decimal 9250)
   defining Unicode char U+25E6 (decimal 9702)
   defining Unicode char U+25EF (decimal 9711)
   defining Unicode char U+266A (decimal 9834)
))
LaTeX Info: Redefining \oldstylenums on input line 266.
Package textcomp Info: Setting cmr sub-encoding to TS1/0 on input line 281.
Package textcomp Info: Setting cmss sub-encoding to TS1/0 on input line 282.
Package textcomp Info: Setting cmtt sub-encoding to TS1/0 on input line 283.
Package textcomp Info: Setting cmvtt sub-encoding to TS1/0 on input line 284.
Package textcomp Info: Setting cmbr sub-encoding to TS1/0 on input line 285.
Package textcomp Info: Setting cmtl sub-encoding to TS1/0 on input line 286.
Package textcomp Info: Setting ccr sub-encoding to TS1/0 on input line 287.
Package textcomp Info: Setting ptm sub-encoding to TS1/4 on input line 288.
Package textcomp Info: Setting pcr sub-encoding to TS1/4 on input line 289.
Package textcomp Info: Setting phv sub-encoding to TS1/4 on input line 290.
Package textcomp Info: Setting ppl sub-encoding to TS1/3 on input line 291.
Package textcomp Info: Setting pag sub-encoding to TS1/4 on input line 292.
Package textcomp Info: Setting pbk sub-encoding to TS1/4 on input line 293.
Package textcomp Info: Setting pnc sub-encoding to TS1/4 on input line 294.
Package textcomp Info: Setting pzc sub-encoding to TS1/4 on input line 295.
Package textcomp Info: Setting bch sub-encoding to TS1/4 on input line 296.
Package textcomp Info: Setting put sub-encoding to TS1/5 on input line 297.
Package textcomp Info: Setting uag sub-encoding to TS1/5 on input line 298.
Package textcomp Info: Setting ugq sub-encoding to TS1/5 on input line 299.
Package textcomp Info: Setting ul8 sub-encoding to TS1/4 on input line 300.
Package textcomp Info: Setting ul9 sub-encoding to TS1/4 on input line 301.
Package textcomp Info: Setting augie sub-encoding to TS1/5 on input line 302.
Package textcomp Info: Setting dayrom sub-encoding to TS1/3 on input line 303.
Package textcomp Info: Setting dayroms sub-encoding to TS1/3 on input line 304.

Package textcomp Info: Setting pxr sub-encoding to TS1/0 on input line 305.
Package textcomp Info: Setting pxss sub-encoding to TS1/0 on input line 306.
Package textcomp Info: Setting pxtt sub-encoding to TS1/0 on input line 307.
Package textcomp Info: Setting txr sub-encoding to TS1/0 on input line 308.
Package textcomp Info: Setting txss sub-encoding to TS1/0 on input line 309.
Package textcomp Info: Setting txtt sub-encoding to TS1/0 on input line 310.
Package textcomp Info: Setting futs sub-encoding to TS1/4 on input line 311.
Package textcomp Info: Setting futx sub-encoding to TS1/4 on input line 312.
Package textcomp Info: Setting futj sub-encoding to TS1/4 on input line 313.
Package textcomp Info: Setting hlh sub-encoding to TS1/3 on input line 314.
Package textcomp Info: Setting hls sub-encoding to TS1/3 on input line 315.
Package textcomp Info: Setting hlst sub-encoding to TS1/3 on input line 316.
Package textcomp Info: Setting hlct sub-encoding to TS1/5 on input line 317.
Package textcomp Info: Setting hlx sub-encoding to TS1/5 on input line 318.
Package textcomp Info: Setting hlce sub-encoding to TS1/5 on input line 319.
Package textcomp Info: Setting hlcn sub-encoding to TS1/5 on input line 320.
Package textcomp Info: Setting hlcw sub-encoding to TS1/5 on input line 321.
Package textcomp Info: Setting hlcf sub-encoding to TS1/5 on input line 322.
Package textcomp Info: Setting pplx sub-encoding to TS1/3 on input line 323.
Package textcomp Info: Setting pplj sub-encoding to TS1/3 on input line 324.
Package textcomp Info: Setting ptmx sub-encoding to TS1/4 on input line 325.
Package textcomp Info: Setting ptmj sub-encoding to TS1/4 on input line 326.
)
(/usr/share/texmf-texlive/tex/latex/base/fontenc.sty
Package: fontenc 2005/09/27 v1.99g Standard LaTeX package

(/usr/share/texmf-texlive/tex/latex/base/t1enc.def
File: t1enc.def 2005/09/27 v1.99g Standard LaTeX file
LaTeX Font Info:    Redeclaring font encoding T1 on input line 43.
))
(/usr/share/texmf-texlive/tex/latex/hyperref/hyperref.sty
Package: hyperref 2009/10/09 v6.79a Hypertext links for LaTeX

(/usr/share/texmf-texlive/tex/latex/graphics/keyval.sty
Package: keyval 1999/03/16 v1.13 key=value parser (DPC)
\KV@toks@=\toks28
)
(/usr/share/texmf-texlive/tex/generic/oberdiek/ifpdf.sty
Package: ifpdf 2009/04/10 v2.0 Provides the ifpdf switch (HO)
Package ifpdf Info: pdfTeX in pdf mode detected.
)
(/usr/share/texmf-texlive/tex/generic/oberdiek/ifvtex.sty
Package: ifvtex 2008/11/04 v1.4 Switches for detecting VTeX and its modes (HO)
Package ifvtex Info: VTeX not detected.
)
(/usr/share/texmf-texlive/tex/generic/ifxetex/ifxetex.sty
Package: ifxetex 2009/01/23 v0.5 Provides ifxetex conditional
)
(/usr/share/texmf-texlive/tex/latex/oberdiek/hycolor.sty
Package: hycolor 2009/10/02 v1.5 Code for color options of hyperref/bookmark (H
O)

(/usr/share/texmf-texlive/tex/latex/oberdiek/xcolor-patch.sty
Package: xcolor-patch 2009/10/02 xcolor patch
))
\@linkdim=\dimen113
\Hy@linkcounter=\count103
\Hy@pagecounter=\count104

(/usr/share/texmf-texlive/tex/latex/hyperref/pd1enc.def
File: pd1enc.def 2009/10/09 v6.79a Hyperref: PDFDocEncoding definition (HO)
Now handling font encoding PD1 ...
... no UTF-8 mapping file for font encoding PD1
)
(/usr/share/texmf-texlive/tex/generic/oberdiek/etexcmds.sty
Package: etexcmds 2007/12/12 v1.2 Prefix for e-TeX command names (HO)

(/usr/share/texmf-texlive/tex/generic/oberdiek/infwarerr.sty
Package: infwarerr 2007/09/09 v1.2 Providing info/warning/message (HO)
)
Package etexcmds Info: Could not find \expanded.
(etexcmds)             That can mean that you are not using pdfTeX 1.50 or
(etexcmds)             that some package has redefined \expanded.
(etexcmds)             In the latter case, load this package earlier.
)
(/usr/share/texmf-texlive/tex/latex/latexconfig/hyperref.cfg
File: hyperref.cfg 2002/06/06 v1.2 hyperref configuration of TeXLive
)
(/usr/share/texmf-texlive/tex/latex/oberdiek/kvoptions.sty
Package: kvoptions 2009/08/13 v3.4 Keyval support for LaTeX options (HO)

(/usr/share/texmf-texlive/tex/generic/oberdiek/kvsetkeys.sty
Package: kvsetkeys 2009/07/30 v1.5 Key value parser with default handler suppor
t (HO)
))
Package hyperref Info: Hyper figures OFF on input line 2975.
Package hyperref Info: Link nesting OFF on input line 2980.
Package hyperref Info: Hyper index ON on input line 2983.
Package hyperref Info: Plain pages OFF on input line 2990.
Package hyperref Info: Backreferencing OFF on input line 2995.

Implicit mode ON; LaTeX internals redefined
Package hyperref Info: Bookmarks ON on input line 3191.
(/usr/share/texmf-texlive/tex/latex/ltxmisc/url.sty
\Urlmuskip=\muskip11
Package: url 2006/04/12  ver 3.3  Verb mode for urls, etc.
)
LaTeX Info: Redefining \url on input line 3428.

(/usr/share/texmf-texlive/tex/generic/oberdiek/bitset.sty
Package: bitset 2007/09/28 v1.0 Data type bit set (HO)

(/usr/share/texmf-texlive/tex/generic/oberdiek/intcalc.sty
Package: intcalc 2007/09/27 v1.1 Expandable integer calculations (HO)
)
(/usr/share/texmf-texlive/tex/generic/oberdiek/bigintcalc.sty
Package: bigintcalc 2007/11/11 v1.1 Expandable big integer calculations (HO)

(/usr/share/texmf-texlive/tex/generic/oberdiek/pdftexcmds.sty
Package: pdftexcmds 2009/09/23 v0.6 LuaTeX support for pdfTeX utility functions
 (HO)

(/usr/share/texmf-texlive/tex/generic/oberdiek/ifluatex.sty
Package: ifluatex 2009/04/17 v1.2 Provides the ifluatex switch (HO)
Package ifluatex Info: LuaTeX not detected.
)
(/usr/share/texmf-texlive/tex/generic/oberdiek/ltxcmds.sty
Package: ltxcmds 2009/08/05 v1.0 Some LaTeX kernel commands for general use (HO
)
)
Package pdftexcmds Info: LuaTeX not detected.
Package pdftexcmds Info: \pdf@primitive is available.
Package pdftexcmds Info: \pdf@ifprimitive is available.
)))
\Fld@menulength=\count105
\Field@Width=\dimen114
\Fld@charsize=\dimen115
\Field@toks=\toks29
Package hyperref Info: Hyper figures OFF on input line 4377.
Package hyperref Info: Link nesting OFF on input line 4382.
Package hyperref Info: Hyper index ON on input line 4385.
Package hyperref Info: backreferencing OFF on input line 4392.
Package hyperref Info: Link coloring OFF on input line 4397.
Package hyperref Info: Link coloring with OCG OFF on input line 4402.
Package hyperref Info: PDF/A mode OFF on input line 4407.

(/usr/share/texmf-texlive/tex/generic/oberdiek/atbegshi.sty
Package: atbegshi 2008/07/31 v1.9 At begin shipout hook (HO)
)
\Hy@abspage=\count106
\c@Item=\count107
\c@Hfootnote=\count108
)
*hyperref using default driver hpdftex*
(/usr/share/texmf-texlive/tex/latex/hyperref/hpdftex.def
File: hpdftex.def 2009/10/09 v6.79a Hyperref driver for pdfTeX
\Fld@listcount=\count109
)
(/usr/share/texmf-texlive/tex/latex/tools/array.sty
Package: array 2008/09/09 v2.4c Tabular extension package (FMi)
\col@sep=\dimen116
\extrarowheight=\dimen117
\NC@list=\toks30
\extratabsurround=\skip49
\backup@length=\skip50
)
(/usr/share/texmf-texlive/tex/latex/mnsymbol/MnSymbol.sty
Package: MnSymbol 2007/01/21 v1.4 support for the MnSymbol font
LaTeX Info: Redefining \dagger on input line 84.
LaTeX Info: Redefining \ddagger on input line 84.
LaTeX Info: Redefining \mathparagraph on input line 84.
LaTeX Info: Redefining \mathsection on input line 84.
LaTeX Info: Redefining \mathdollar on input line 84.
LaTeX Info: Redefining \mathsterling on input line 84.
LaTeX Info: Redefining \yen on input line 84.
LaTeX Info: Redefining \circledR on input line 84.
LaTeX Info: Redefining \Re on input line 84.
LaTeX Info: Redefining \Im on input line 84.
\symMnSyA=\mathgroup6
\symMnSyB=\mathgroup7
\symMnSyC=\mathgroup8
\symMnSyD=\mathgroup9
LaTeX Font Info:    Redeclaring symbol font `largesymbols' on input line 119.
LaTeX Font Info:    Overwriting symbol font `largesymbols' in version `normal'
(Font)                  OMX/cmex/m/n --> OMX/MnSymbolE/m/n on input line 119.
LaTeX Font Info:    Overwriting symbol font `largesymbols' in version `bold'
(Font)                  OMX/cmex/m/n --> OMX/MnSymbolE/m/n on input line 119.
LaTeX Font Info:    Redeclaring symbol font `symbols' on input line 120.
LaTeX Font Info:    Encoding `OMS' has changed to `U' for symbol font
(Font)              `symbols' in the math version `normal' on input line 120.
LaTeX Font Info:    Overwriting symbol font `symbols' in version `normal'
(Font)                  OMS/cmsy/m/n --> U/MnSymbolF/m/n on input line 120.
LaTeX Font Info:    Encoding `OMS' has changed to `U' for symbol font
(Font)              `symbols' in the math version `bold' on input line 120.
LaTeX Font Info:    Overwriting symbol font `symbols' in version `bold'
(Font)                  OMS/cmsy/b/n --> U/MnSymbolF/m/n on input line 120.
LaTeX Font Info:    Overwriting symbol font `MnSyA' in version `bold'
(Font)                  U/MnSymbolA/m/n --> U/MnSymbolA/b/n on input line 121.
LaTeX Font Info:    Overwriting symbol font `MnSyB' in version `bold'
(Font)                  U/MnSymbolB/m/n --> U/MnSymbolB/b/n on input line 122.
LaTeX Font Info:    Overwriting symbol font `MnSyC' in version `bold'
(Font)                  U/MnSymbolC/m/n --> U/MnSymbolC/b/n on input line 123.
LaTeX Font Info:    Overwriting symbol font `MnSyD' in version `bold'
(Font)                  U/MnSymbolD/m/n --> U/MnSymbolD/b/n on input line 124.
LaTeX Font Info:    Overwriting symbol font `largesymbols' in version `bold'
(Font)                  OMX/MnSymbolE/m/n --> OMX/MnSymbolE/b/n on input line 1
25.
LaTeX Font Info:    Overwriting symbol font `symbols' in version `bold'
(Font)                  U/MnSymbolF/m/n --> U/MnSymbolF/b/n on input line 126.
LaTeX Font Info:    Redeclaring math alphabet \mathcal on input line 241.
LaTeX Font Info:    Overwriting math alphabet `\mathcal' in version `bold'
(Font)                  OMS/MnSymbolS/m/n --> OMS/MnSymbolS/b/n on input line 2
41.
LaTeX Info: Redefining \longrightarrow on input line 548.
LaTeX Info: Redefining \longleftarrow on input line 549.
LaTeX Info: Redefining \longleftrightarrow on input line 550.
LaTeX Info: Redefining \Longrightarrow on input line 551.
LaTeX Info: Redefining \Longleftarrow on input line 552.
LaTeX Info: Redefining \Longleftrightarrow on input line 553.
LaTeX Info: Redefining \longmapsto on input line 554.
LaTeX Info: Redefining \vdots on input line 868.
LaTeX Font Info:    Redeclaring math symbol \braceld on input line 1721.
LaTeX Font Info:    Redeclaring math symbol \bracelu on input line 1722.
LaTeX Font Info:    Redeclaring math symbol \bracerd on input line 1723.
LaTeX Font Info:    Redeclaring math symbol \braceru on input line 1724.
LaTeX Info: Redefining \downbracefill on input line 1799.
LaTeX Info: Redefining \upbracefill on input line 1800.
LaTeX Info: Redefining \overbrace on input line 1819.
LaTeX Info: Redefining \underbrace on input line 1820.
LaTeX Info: Redefining \surd on input line 1843.
LaTeX Font Info:    Redeclaring math accent \widehat on input line 1845.
LaTeX Font Info:    Redeclaring math accent \widetilde on input line 1846.
LaTeX Font Info:    Redeclaring math accent \vec on input line 1848.
)
(/usr/share/texmf-texlive/tex/latex/geometry/geometry.sty
Package: geometry 2008/12/21 v4.2 Page Geometry
\Gm@cnth=\count110
\Gm@cntv=\count111
\c@Gm@tempcnt=\count112
\Gm@bindingoffset=\dimen118
\Gm@wd@mp=\dimen119
\Gm@odd@mp=\dimen120
\Gm@even@mp=\dimen121
\Gm@dimlist=\toks31

(/usr/share/texmf-texlive/tex/xelatex/xetexconfig/geometry.cfg))

Package geometry Warning: Over-specification in `h'-direction.
    `width' (597.50787pt) is ignored.


Package geometry Warning: Over-specification in `v'-direction.
    `height' (845.04684pt) is ignored.

(/usr/share/texmf-texlive/tex/latex/listings/listings.sty
\lst@mode=\count113
\lst@gtempboxa=\box28
\lst@token=\toks32
\lst@length=\count114
\lst@currlwidth=\dimen122
\lst@column=\count115
\lst@pos=\count116
\lst@lostspace=\dimen123
\lst@width=\dimen124
\lst@newlines=\count117
\lst@lineno=\count118
\lst@maxwidth=\dimen125

(/usr/share/texmf-texlive/tex/latex/listings/lstmisc.sty
File: lstmisc.sty 2007/02/22 1.4 (Carsten Heinz)
\c@lstnumber=\count119
\lst@skipnumbers=\count120
\lst@framebox=\box29
)
(/usr/share/texmf-texlive/tex/latex/listings/listings.cfg
File: listings.cfg 2007/02/22 1.4 listings configuration
))
Package: listings 2007/02/22 1.4 (Carsten Heinz)

(/usr/share/texmf-texlive/tex/latex/listings/lstlang1.sty
File: lstlang1.sty 2004/09/05 1.3 listings language file
)
(/usr/share/texmf-texlive/tex/latex/graphics/color.sty
Package: color 2005/11/14 v1.0j Standard LaTeX Color (DPC)

(/etc/texmf/tex/latex/config/color.cfg
File: color.cfg 2007/01/18 v1.5 color configuration of teTeX/TeXLive
)
Package color Info: Driver file: pdftex.def on input line 130.

(/usr/share/texmf-texlive/tex/latex/pdftex-def/pdftex.def
File: pdftex.def 2010/03/12 v0.04p Graphics/color for pdfTeX
\Gread@gobject=\count121
))
(/usr/share/texmf-texlive/tex/latex/pgfplots/pgfplots.sty
Package: pgfplots 2009/02/14 Version 1.2.2

(/usr/share/texmf/tex/latex/pgf/frontendlayer/tikz.sty
(/usr/share/texmf/tex/latex/pgf/basiclayer/pgf.sty
(/usr/share/texmf/tex/latex/pgf/utilities/pgfrcs.sty
(/usr/share/texmf/tex/generic/pgf/utilities/pgfutil-common.tex
\pgfutil@everybye=\toks33
)
(/usr/share/texmf/tex/generic/pgf/utilities/pgfutil-latex.def
\pgfutil@abb=\box30

(/usr/share/texmf-texlive/tex/latex/ms/everyshi.sty
Package: everyshi 2001/05/15 v3.00 EveryShipout Package (MS)
))
(/usr/share/texmf/tex/generic/pgf/utilities/pgfrcs.code.tex
Package: pgfrcs 2010/10/25 v2.10 (rcs-revision 1.24)
))
Package: pgf 2008/01/15 v2.10 (rcs-revision 1.12)

(/usr/share/texmf/tex/latex/pgf/basiclayer/pgfcore.sty
(/usr/share/texmf-texlive/tex/latex/graphics/graphicx.sty
Package: graphicx 1999/02/16 v1.0f Enhanced LaTeX Graphics (DPC,SPQR)

(/usr/share/texmf-texlive/tex/latex/graphics/graphics.sty
Package: graphics 2009/02/05 v1.0o Standard LaTeX Graphics (DPC,SPQR)

(/usr/share/texmf-texlive/tex/latex/graphics/trig.sty
Package: trig 1999/03/16 v1.09 sin cos tan (DPC)
)
(/etc/texmf/tex/latex/config/graphics.cfg
File: graphics.cfg 2009/08/28 v1.8 graphics configuration of TeX Live
)
Package graphics Info: Driver file: pdftex.def on input line 91.
)
\Gin@req@height=\dimen126
\Gin@req@width=\dimen127
)
(/usr/share/texmf/tex/latex/pgf/systemlayer/pgfsys.sty
(/usr/share/texmf/tex/generic/pgf/systemlayer/pgfsys.code.tex
Package: pgfsys 2010/06/30 v2.10 (rcs-revision 1.37)

(/usr/share/texmf/tex/generic/pgf/utilities/pgfkeys.code.tex
\pgfkeys@pathtoks=\toks34
\pgfkeys@temptoks=\toks35

(/usr/share/texmf/tex/generic/pgf/utilities/pgfkeysfiltered.code.tex
\pgfkeys@tmptoks=\toks36
))
\pgf@x=\dimen128
\pgf@y=\dimen129
\pgf@xa=\dimen130
\pgf@ya=\dimen131
\pgf@xb=\dimen132
\pgf@yb=\dimen133
\pgf@xc=\dimen134
\pgf@yc=\dimen135
\w@pgf@writea=\write3
\r@pgf@reada=\read1
\c@pgf@counta=\count122
\c@pgf@countb=\count123
\c@pgf@countc=\count124
\c@pgf@countd=\count125

(/usr/share/texmf/tex/generic/pgf/systemlayer/pgf.cfg
File: pgf.cfg 2008/05/14  (rcs-revision 1.7)
)
Package pgfsys Info: Driver file for pgf: pgfsys-pdftex.def on input line 900.

(/usr/share/texmf/tex/generic/pgf/systemlayer/pgfsys-pdftex.def
File: pgfsys-pdftex.def 2009/05/22  (rcs-revision 1.26)

(/usr/share/texmf/tex/generic/pgf/systemlayer/pgfsys-common-pdf.def
File: pgfsys-common-pdf.def 2008/05/19  (rcs-revision 1.10)
)))
(/usr/share/texmf/tex/generic/pgf/systemlayer/pgfsyssoftpath.code.tex
File: pgfsyssoftpath.code.tex 2008/07/18  (rcs-revision 1.7)
\pgfsyssoftpath@smallbuffer@items=\count126
\pgfsyssoftpath@bigbuffer@items=\count127
)
(/usr/share/texmf/tex/generic/pgf/systemlayer/pgfsysprotocol.code.tex
File: pgfsysprotocol.code.tex 2006/10/16  (rcs-revision 1.4)
))
(/usr/share/texmf/tex/latex/xcolor/xcolor.sty
Package: xcolor 2007/01/21 v2.11 LaTeX color extensions (UK)

(/etc/texmf/tex/latex/config/color.cfg
File: color.cfg 2007/01/18 v1.5 color configuration of teTeX/TeXLive
)
Package xcolor Info: Driver file: pdftex.def on input line 225.
LaTeX Info: Redefining \color on input line 702.
Package xcolor Info: Model `cmy' substituted by `cmy0' on input line 1337.
Package xcolor Info: Model `hsb' substituted by `rgb' on input line 1341.
Package xcolor Info: Model `RGB' extended on input line 1353.
Package xcolor Info: Model `HTML' substituted by `rgb' on input line 1355.
Package xcolor Info: Model `Hsb' substituted by `hsb' on input line 1356.
Package xcolor Info: Model `tHsb' substituted by `hsb' on input line 1357.
Package xcolor Info: Model `HSB' substituted by `hsb' on input line 1358.
Package xcolor Info: Model `Gray' substituted by `gray' on input line 1359.
Package xcolor Info: Model `wave' substituted by `hsb' on input line 1360.
)
(/usr/share/texmf/tex/generic/pgf/basiclayer/pgfcore.code.tex
Package: pgfcore 2010/04/11 v2.10 (rcs-revision 1.7)

(/usr/share/texmf/tex/generic/pgf/math/pgfmath.code.tex
(/usr/share/texmf/tex/generic/pgf/math/pgfmathcalc.code.tex
(/usr/share/texmf/tex/generic/pgf/math/pgfmathutil.code.tex)
(/usr/share/texmf/tex/generic/pgf/math/pgfmathparser.code.tex
\pgfmath@dimen=\dimen136
\pgfmath@count=\count128
\pgfmath@box=\box31
\pgfmath@toks=\toks37
\pgfmath@stack@operand=\toks38
\pgfmath@stack@operation=\toks39
)
(/usr/share/texmf/tex/generic/pgf/math/pgfmathfunctions.code.tex
(/usr/share/texmf/tex/generic/pgf/math/pgfmathfunctions.basic.code.tex)
(/usr/share/texmf/tex/generic/pgf/math/pgfmathfunctions.trigonometric.code.tex)
(/usr/share/texmf/tex/generic/pgf/math/pgfmathfunctions.random.code.tex)
(/usr/share/texmf/tex/generic/pgf/math/pgfmathfunctions.comparison.code.tex)
(/usr/share/texmf/tex/generic/pgf/math/pgfmathfunctions.base.code.tex)
(/usr/share/texmf/tex/generic/pgf/math/pgfmathfunctions.round.code.tex)
(/usr/share/texmf/tex/generic/pgf/math/pgfmathfunctions.misc.code.tex)))
(/usr/share/texmf/tex/generic/pgf/math/pgfmathfloat.code.tex
\c@pgfmathroundto@lastzeros=\count129
))
(/usr/share/texmf/tex/generic/pgf/basiclayer/pgfcorepoints.code.tex
File: pgfcorepoints.code.tex 2010/04/09  (rcs-revision 1.20)
\pgf@picminx=\dimen137
\pgf@picmaxx=\dimen138
\pgf@picminy=\dimen139
\pgf@picmaxy=\dimen140
\pgf@pathminx=\dimen141
\pgf@pathmaxx=\dimen142
\pgf@pathminy=\dimen143
\pgf@pathmaxy=\dimen144
\pgf@xx=\dimen145
\pgf@xy=\dimen146
\pgf@yx=\dimen147
\pgf@yy=\dimen148
\pgf@zx=\dimen149
\pgf@zy=\dimen150
)
(/usr/share/texmf/tex/generic/pgf/basiclayer/pgfcorepathconstruct.code.tex
File: pgfcorepathconstruct.code.tex 2010/08/03  (rcs-revision 1.24)
\pgf@path@lastx=\dimen151
\pgf@path@lasty=\dimen152
)
(/usr/share/texmf/tex/generic/pgf/basiclayer/pgfcorepathusage.code.tex
File: pgfcorepathusage.code.tex 2008/04/22  (rcs-revision 1.12)
\pgf@shorten@end@additional=\dimen153
\pgf@shorten@start@additional=\dimen154
)
(/usr/share/texmf/tex/generic/pgf/basiclayer/pgfcorescopes.code.tex
File: pgfcorescopes.code.tex 2010/09/08  (rcs-revision 1.34)
\pgfpic=\box32
\pgf@hbox=\box33
\pgf@layerbox@main=\box34
\pgf@picture@serial@count=\count130
)
(/usr/share/texmf/tex/generic/pgf/basiclayer/pgfcoregraphicstate.code.tex
File: pgfcoregraphicstate.code.tex 2008/04/22  (rcs-revision 1.9)
\pgflinewidth=\dimen155
)
(/usr/share/texmf/tex/generic/pgf/basiclayer/pgfcoretransformations.code.tex
File: pgfcoretransformations.code.tex 2009/06/10  (rcs-revision 1.11)
\pgf@pt@x=\dimen156
\pgf@pt@y=\dimen157
\pgf@pt@temp=\dimen158
)
(/usr/share/texmf/tex/generic/pgf/basiclayer/pgfcorequick.code.tex
File: pgfcorequick.code.tex 2008/10/09  (rcs-revision 1.3)
)
(/usr/share/texmf/tex/generic/pgf/basiclayer/pgfcoreobjects.code.tex
File: pgfcoreobjects.code.tex 2006/10/11  (rcs-revision 1.2)
)
(/usr/share/texmf/tex/generic/pgf/basiclayer/pgfcorepathprocessing.code.tex
File: pgfcorepathprocessing.code.tex 2008/10/09  (rcs-revision 1.8)
)
(/usr/share/texmf/tex/generic/pgf/basiclayer/pgfcorearrows.code.tex
File: pgfcorearrows.code.tex 2008/04/23  (rcs-revision 1.11)
)
(/usr/share/texmf/tex/generic/pgf/basiclayer/pgfcoreshade.code.tex
File: pgfcoreshade.code.tex 2008/11/23  (rcs-revision 1.13)
\pgf@max=\dimen159
\pgf@sys@shading@range@num=\count131
)
(/usr/share/texmf/tex/generic/pgf/basiclayer/pgfcoreimage.code.tex
File: pgfcoreimage.code.tex 2010/03/25  (rcs-revision 1.16)

(/usr/share/texmf/tex/generic/pgf/basiclayer/pgfcoreexternal.code.tex
File: pgfcoreexternal.code.tex 2010/09/01  (rcs-revision 1.17)
\pgfexternal@startupbox=\box35
))
(/usr/share/texmf/tex/generic/pgf/basiclayer/pgfcorelayers.code.tex
File: pgfcorelayers.code.tex 2010/08/27  (rcs-revision 1.2)
)
(/usr/share/texmf/tex/generic/pgf/basiclayer/pgfcoretransparency.code.tex
File: pgfcoretransparency.code.tex 2008/01/17  (rcs-revision 1.2)
)
(/usr/share/texmf/tex/generic/pgf/basiclayer/pgfcorepatterns.code.tex
File: pgfcorepatterns.code.tex 2009/07/02  (rcs-revision 1.3)
)))
(/usr/share/texmf/tex/generic/pgf/modules/pgfmoduleshapes.code.tex
File: pgfmoduleshapes.code.tex 2010/09/09  (rcs-revision 1.13)
\pgfnodeparttextbox=\box36
)
(/usr/share/texmf/tex/generic/pgf/modules/pgfmoduleplot.code.tex
File: pgfmoduleplot.code.tex 2010/10/22  (rcs-revision 1.8)
)
(/usr/share/texmf/tex/latex/pgf/compatibility/pgfcomp-version-0-65.sty
Package: pgfcomp-version-0-65 2007/07/03 v2.10 (rcs-revision 1.7)
\pgf@nodesepstart=\dimen160
\pgf@nodesepend=\dimen161
)
(/usr/share/texmf/tex/latex/pgf/compatibility/pgfcomp-version-1-18.sty
Package: pgfcomp-version-1-18 2007/07/23 v2.10 (rcs-revision 1.1)
))
(/usr/share/texmf/tex/latex/pgf/utilities/pgffor.sty
(/usr/share/texmf/tex/latex/pgf/utilities/pgfkeys.sty
(/usr/share/texmf/tex/generic/pgf/utilities/pgfkeys.code.tex))
(/usr/share/texmf/tex/generic/pgf/utilities/pgffor.code.tex
Package: pgffor 2010/03/23 v2.10 (rcs-revision 1.18)
\pgffor@iter=\dimen162
\pgffor@skip=\dimen163
\pgffor@stack=\toks40
\pgffor@toks=\toks41
))
(/usr/share/texmf/tex/generic/pgf/frontendlayer/tikz/tikz.code.tex
Package: tikz 2010/10/13 v2.10 (rcs-revision 1.76)

(/usr/share/texmf/tex/generic/pgf/libraries/pgflibraryplothandlers.code.tex
File: pgflibraryplothandlers.code.tex 2010/05/31 v2.10 (rcs-revision 1.15)
\pgf@plot@mark@count=\count132
\pgfplotmarksize=\dimen164
)
\tikz@lastx=\dimen165
\tikz@lasty=\dimen166
\tikz@lastxsaved=\dimen167
\tikz@lastysaved=\dimen168
\tikzleveldistance=\dimen169
\tikzsiblingdistance=\dimen170
\tikz@figbox=\box37
\tikz@tempbox=\box38
\tikztreelevel=\count133
\tikznumberofchildren=\count134
\tikznumberofcurrentchild=\count135
\tikz@fig@count=\count136

(/usr/share/texmf/tex/generic/pgf/modules/pgfmodulematrix.code.tex
File: pgfmodulematrix.code.tex 2010/08/24  (rcs-revision 1.4)
\pgfmatrixcurrentrow=\count137
\pgfmatrixcurrentcolumn=\count138
\pgf@matrix@numberofcolumns=\count139
)
\tikz@expandcount=\count140

(/usr/share/texmf/tex/generic/pgf/frontendlayer/tikz/libraries/tikzlibrarytopat
hs.code.tex
File: tikzlibrarytopaths.code.tex 2008/06/17 v2.10 (rcs-revision 1.2)
))) (/usr/share/texmf-texlive/tex/generic/pgfplots/pgfplots.code.tex (/usr/shar
e/texmf-texlive/tex/generic/pgfplots/pgfplotscore.code.tex
\t@pgfplots@toka=\toks42
\t@pgfplots@tokb=\toks43
\t@pgfplots@tokc=\toks44
\pgfplots@tmpa=\dimen171
)
(/usr/share/texmf-texlive/tex/generic/pgfplots/oldpgfcompatib/pgfplotsoldpgfsup
p_loader.code.tex
Package pgfplots: loading complementary code for your PGF version...

(/usr/share/texmf-texlive/tex/generic/pgfplots/oldpgfcompatib/pgfplotsoldpgfsup
p_misc.code.tex)
(/usr/share/texmf-texlive/tex/generic/pgfplots/oldpgfcompatib/pgfplotsoldpgfsup
p_pgfkeysfiltered.code.tex
\pgfkeys@tmptoks=\toks45
)
(/usr/share/texmf-texlive/tex/generic/pgfplots/oldpgfcompatib/pgfplotsoldpgfsup
p_pgfmathfloat.code.tex
\c@pgfmathroundto@lastzeros=\count141
)
(/usr/share/texmf-texlive/tex/generic/pgfplots/oldpgfcompatib/pgfplotsoldpgfsup
p_pgflibraryplothandlers.code.tex
File: pgfplotsoldpgfsupp_pgflibraryplothandlers.code.tex 2009/02/13 v2.10 (rcs-
revision 1.7)
\pgf@plot@mark@count=\count142
\pgfplotmarksize=\dimen172
)
(/usr/share/texmf/tex/generic/pgf/libraries/pgflibraryfpu.code.tex))
(/usr/share/texmf-texlive/tex/generic/pgfplots/util/pgfplotsutil.code.tex
(/usr/share/texmf-texlive/tex/generic/pgfplots/liststructure/pgfplotsliststruct
ure.code.tex)
(/usr/share/texmf-texlive/tex/generic/pgfplots/liststructure/pgfplotsliststruct
ureext.code.tex)
(/usr/share/texmf-texlive/tex/generic/pgfplots/liststructure/pgfplotsarray.code
.tex
\c@pgfplotsarray@tmp=\count143
)
(/usr/share/texmf-texlive/tex/generic/pgfplots/numtable/pgfplotstable.code.tex
\c@pgfplotstable@counta=\count144
\pgfplotstable@outfile=\write4

(/usr/share/texmf-texlive/tex/generic/pgfplots/numtable/pgfplotstable.coltype.c
ode.tex)))
(/usr/share/texmf-texlive/tex/generic/pgfplots/util/pgfplotscolormap.code.tex)
(/usr/share/texmf-texlive/tex/generic/pgfplots/pgfplots.stackedplots.code.tex)
(/usr/share/texmf-texlive/tex/generic/pgfplots/pgfplotscoordprocessing.code.tex
) (/usr/share/texmf-texlive/tex/generic/pgfplots/pgfplotsticks.code.tex)
(/usr/share/texmf/tex/generic/pgf/frontendlayer/tikz/libraries/tikzlibrarydecor
ations.code.tex
(/usr/share/texmf/tex/generic/pgf/modules/pgfmoduledecorations.code.tex
\pgfdecoratedcompleteddistance=\dimen173
\pgfdecoratedremainingdistance=\dimen174
\pgfdecoratedinputsegmentcompleteddistance=\dimen175
\pgfdecoratedinputsegmentremainingdistance=\dimen176
\pgf@decorate@distancetomove=\dimen177
\pgf@decorate@repeatstate=\count145
\pgfdecorationsegmentamplitude=\dimen178
\pgfdecorationsegmentlength=\dimen179
)
\tikz@lib@dec@box=\box39
)
(/usr/share/texmf/tex/generic/pgf/frontendlayer/tikz/libraries/tikzlibrarydecor
ations.pathmorphing.code.tex
(/usr/share/texmf/tex/generic/pgf/libraries/decorations/pgflibrarydecorations.p
athmorphing.code.tex))
(/usr/share/texmf/tex/generic/pgf/frontendlayer/tikz/libraries/tikzlibrarydecor
ations.pathreplacing.code.tex
(/usr/share/texmf/tex/generic/pgf/libraries/decorations/pgflibrarydecorations.p
athreplacing.code.tex))
\pgfplots@numplots=\count146
\pgfplots@xmin@reg=\dimen180
\pgfplots@xmax@reg=\dimen181
\pgfplots@ymin@reg=\dimen182
\pgfplots@ymax@reg=\dimen183
\pgfplots@zmin@reg=\dimen184
\pgfplots@zmax@reg=\dimen185
)
(/usr/share/texmf/tex/generic/pgf/frontendlayer/tikz/libraries/tikzlibraryplotm
arks.code.tex
File: tikzlibraryplotmarks.code.tex 2008/01/09 v2.10 (rcs-revision 1.1)

(/usr/share/texmf/tex/generic/pgf/libraries/pgflibraryplotmarks.code.tex
File: pgflibraryplotmarks.code.tex 2010/10/15 v2.10 (rcs-revision 1.12)
)))
(/usr/share/texmf-texlive/tex/latex/pgfplots/pgfplotstable.sty
Package: pgfplotstable 2008/02/14
)
(/usr/share/texmf-texlive/tex/latex/slashbox/slashbox.sty
slashbox style by K.Yasuoka, May 1993.
\@slashboxa=\box40
\@slashboxb=\box41
\@slashboxc=\box42
\@slashboxwd=\count147
\@slashboxht=\count148
\@slashsepl=\dimen186
\@slashsepr=\dimen187
)
(/usr/share/texmf/tex/generic/pgf/frontendlayer/tikz/libraries/tikzlibraryarrow
s.code.tex
File: tikzlibraryarrows.code.tex 2008/01/09 v2.10 (rcs-revision 1.1)

(/usr/share/texmf/tex/generic/pgf/libraries/pgflibraryarrows.code.tex
File: pgflibraryarrows.code.tex 2008/10/27 v2.10 (rcs-revision 1.9)
\arrowsize=\dimen188
))
(/usr/share/texmf/tex/generic/pgf/frontendlayer/tikz/libraries/tikzlibraryshape
s.code.tex
File: tikzlibraryshapes.code.tex 2008/01/09 v2.10 (rcs-revision 1.1)

(/usr/share/texmf/tex/generic/pgf/frontendlayer/tikz/libraries/tikzlibraryshape
s.geometric.code.tex
File: tikzlibraryshapes.geometric.code.tex 2008/01/09 v2.10 (rcs-revision 1.1)

(/usr/share/texmf/tex/generic/pgf/libraries/shapes/pgflibraryshapes.geometric.c
ode.tex
File: pgflibraryshapes.geometric.code.tex 2008/06/26 v2.10 (rcs-revision 1.1)
))
(/usr/share/texmf/tex/generic/pgf/frontendlayer/tikz/libraries/tikzlibraryshape
s.misc.code.tex
File: tikzlibraryshapes.misc.code.tex 2008/01/09 v2.10 (rcs-revision 1.1)

(/usr/share/texmf/tex/generic/pgf/libraries/shapes/pgflibraryshapes.misc.code.t
ex
File: pgflibraryshapes.misc.code.tex 2008/10/07 v2.10 (rcs-revision 1.3)
))
(/usr/share/texmf/tex/generic/pgf/frontendlayer/tikz/libraries/tikzlibraryshape
s.symbols.code.tex
File: tikzlibraryshapes.symbols.code.tex 2008/01/09 v2.10 (rcs-revision 1.1)

(/usr/share/texmf/tex/generic/pgf/libraries/shapes/pgflibraryshapes.symbols.cod
e.tex
File: pgflibraryshapes.symbols.code.tex 2009/10/27 v2.10 (rcs-revision 1.3)
))
(/usr/share/texmf/tex/generic/pgf/frontendlayer/tikz/libraries/tikzlibraryshape
s.arrows.code.tex
File: tikzlibraryshapes.arrows.code.tex 2008/01/09 v2.10 (rcs-revision 1.1)

(/usr/share/texmf/tex/generic/pgf/libraries/shapes/pgflibraryshapes.arrows.code
.tex
File: pgflibraryshapes.arrows.code.tex 2008/06/26 v2.10 (rcs-revision 1.1)
))
(/usr/share/texmf/tex/generic/pgf/frontendlayer/tikz/libraries/tikzlibraryshape
s.callouts.code.tex
(/usr/share/texmf/tex/generic/pgf/libraries/shapes/pgflibraryshapes.callouts.co
de.tex))
(/usr/share/texmf/tex/generic/pgf/frontendlayer/tikz/libraries/tikzlibraryshape
s.multipart.code.tex
File: tikzlibraryshapes.multipart.code.tex 2008/01/09 v2.10 (rcs-revision 1.1)

(/usr/share/texmf/tex/generic/pgf/libraries/shapes/pgflibraryshapes.multipart.c
ode.tex
File: pgflibraryshapes.multipart.code.tex 2010/01/07 v2.10 (rcs-revision 1.2)
\pgfnodepartlowerbox=\box43
\pgfnodeparttwobox=\box44
\pgfnodepartthreebox=\box45
\pgfnodepartfourbox=\box46
\pgfnodeparttwentybox=\box47
\pgfnodepartnineteenbox=\box48
\pgfnodeparteighteenbox=\box49
\pgfnodepartseventeenbox=\box50
\pgfnodepartsixteenbox=\box51
\pgfnodepartfifteenbox=\box52
\pgfnodepartfourteenbox=\box53
\pgfnodepartthirteenbox=\box54
\pgfnodeparttwelvebox=\box55
\pgfnodepartelevenbox=\box56
\pgfnodeparttenbox=\box57
\pgfnodepartninebox=\box58
\pgfnodeparteightbox=\box59
\pgfnodepartsevenbox=\box60
\pgfnodepartsixbox=\box61
\pgfnodepartfivebox=\box62
)))
(/usr/share/texmf/tex/generic/pgf/frontendlayer/tikz/libraries/tikzlibrarytrees
.code.tex
File: tikzlibrarytrees.code.tex 2008/02/24 v2.10 (rcs-revision 1.2)
) (/usr/share/texmf-texlive/tex/latex/multirow/multirow.sty
\bigstrutjot=\dimen189
)
(/usr/share/texmf-texlive/tex/latex/tools/tabularx.sty
Package: tabularx 1999/01/07 v2.07 `tabularx' package (DPC)
\TX@col@width=\dimen190
\TX@old@table=\dimen191
\TX@old@col=\dimen192
\TX@target=\dimen193
\TX@delta=\dimen194
\TX@cols=\count149
\TX@ftn=\toks46
)
(/usr/share/texmf/tex/generic/pgf/frontendlayer/tikz/libraries/tikzlibrarypatte
rns.code.tex
File: tikzlibrarypatterns.code.tex 2008/01/15 v2.10 (rcs-revision 1.2)

(/usr/share/texmf/tex/generic/pgf/libraries/pgflibrarypatterns.code.tex
File: pgflibrarypatterns.code.tex 2008/03/03 v2.10 (rcs-revision 1.13)
))
(/usr/share/texmf/tex/generic/pgf/frontendlayer/tikz/libraries/tikzlibrarycalc.
code.tex
File: tikzlibrarycalc.code.tex 2009/09/04 v2.10 (rcs-revision 1.6)
) (/usr/share/texmf-texlive/tex/latex/setspace/setspace.sty
Package: setspace 2000/12/01 6.7 Contributed and Supported LaTeX2e package

Package: `setspace' 6.7 <2000/12/01>
) (/usr/share/texmf-texlive/tex/latex/booktabs/booktabs.sty
Package: booktabs 2005/04/14 v1.61803 publication quality tables
\heavyrulewidth=\dimen195
\lightrulewidth=\dimen196
\cmidrulewidth=\dimen197
\belowrulesep=\dimen198
\belowbottomsep=\dimen199
\aboverulesep=\dimen200
\abovetopsep=\dimen201
\cmidrulesep=\dimen202
\cmidrulekern=\dimen203
\defaultaddspace=\dimen204
\@cmidla=\count150
\@cmidlb=\count151
\@aboverulesep=\dimen205
\@belowrulesep=\dimen206
\@thisruleclass=\count152
\@lastruleclass=\count153
\@thisrulewidth=\dimen207
)
(/usr/share/texmf-texlive/tex/latex/fancyhdr/fancyhdr.sty
\fancy@headwidth=\skip51
\f@ncyO@elh=\skip52
\f@ncyO@erh=\skip53
\f@ncyO@olh=\skip54
\f@ncyO@orh=\skip55
\f@ncyO@elf=\skip56
\f@ncyO@erf=\skip57
\f@ncyO@olf=\skip58
\f@ncyO@orf=\skip59
) (./prolat.aux)
\openout1 = `prolat.aux'.

LaTeX Font Info:    Checking defaults for OML/cmm/m/it on input line 74.
LaTeX Font Info:    ... okay on input line 74.
LaTeX Font Info:    Checking defaults for T1/cmr/m/n on input line 74.
LaTeX Font Info:    ... okay on input line 74.
LaTeX Font Info:    Checking defaults for OT1/cmr/m/n on input line 74.
LaTeX Font Info:    ... okay on input line 74.
LaTeX Font Info:    Checking defaults for OMS/cmsy/m/n on input line 74.
LaTeX Font Info:    ... okay on input line 74.
LaTeX Font Info:    Checking defaults for OMX/cmex/m/n on input line 74.
LaTeX Font Info:    ... okay on input line 74.
LaTeX Font Info:    Checking defaults for U/cmr/m/n on input line 74.
LaTeX Font Info:    ... okay on input line 74.
LaTeX Font Info:    Checking defaults for TS1/cmr/m/n on input line 74.
LaTeX Font Info:    Try loading font information for TS1+cmr on input line 74.

(/usr/share/texmf-texlive/tex/latex/base/ts1cmr.fd
File: ts1cmr.fd 1999/05/25 v2.5h Standard LaTeX font definitions
)
LaTeX Font Info:    ... okay on input line 74.
LaTeX Font Info:    Checking defaults for PD1/pdf/m/n on input line 74.
LaTeX Font Info:    ... okay on input line 74.
Package hyperref Info: Link coloring OFF on input line 74.

(/usr/share/texmf-texlive/tex/latex/hyperref/nameref.sty
Package: nameref 2007/05/29 v2.31 Cross-referencing by name of section

(/usr/share/texmf-texlive/tex/latex/oberdiek/refcount.sty
Package: refcount 2008/08/11 v3.1 Data extraction from references (HO)
)
\c@section@level=\count154
)
LaTeX Info: Redefining \ref on input line 74.
LaTeX Info: Redefining \pageref on input line 74.
 (./prolat.out)
(./prolat.out)
\@outlinefile=\write5
\openout5 = `prolat.out'.

\AtBeginShipoutBox=\box63

*geometry auto-detecting driver*
*geometry detected driver: pdftex*
-------------------- Geometry parameters
paper: a4paper
landscape: --
twocolumn: --
twoside: true
asymmetric: --
h-parts: 99.58464pt, 412.56497pt, 85.35826pt
v-parts: 85.35826pt, 674.33032pt, 85.35826pt
hmarginratio: --
vmarginratio: --
lines: --
heightrounded: --
bindingoffset: 0.0pt
truedimen: --
includehead: --
includefoot: --
includemp: --
driver: pdftex
-------------------- Page layout dimensions and switches
\paperwidth  597.50787pt
\paperheight 845.04684pt
\textwidth  412.56497pt
\textheight 674.33032pt
\oddsidemargin  27.31465pt
\evensidemargin 13.08827pt
\topmargin  -18.78552pt
\headheight 12.0pt
\headsep    19.8738pt
\footskip   27.46295pt
\marginparwidth 116.0pt
\marginparsep   7.0pt
\columnsep  10.0pt
\skip\footins  10.0pt plus 4.0pt minus 2.0pt
\hoffset 0.0pt
\voffset 0.0pt
\mag 1000
\@twosidetrue \@mparswitchtrue 
(1in=72.27pt, 1cm=28.45pt)
-----------------------
\c@lstlisting=\count155
(/usr/share/texmf-texlive/tex/context/base/supp-pdf.mkii
[Loading MPS to PDF converter (version 2006.09.02).]
\scratchcounter=\count156
\scratchdimen=\dimen208
\scratchbox=\box64
\nofMPsegments=\count157
\nofMParguments=\count158
\everyMPshowfont=\toks47
\MPscratchCnt=\count159
\MPscratchDim=\dimen209
\MPnumerator=\count160
\everyMPtoPDFconversion=\toks48
) ABD: EveryShipout initializing macros

Package pdftex.def Warning: Option `bb' does not make sense,
(pdftex.def)                using `viewport' instead on input line 87.

<images/upc.png, id=102, 180.675pt x 180.675pt>
File: images/upc.png Graphic file (type png)
 <use images/upc.png>
LaTeX Font Info:    Try loading font information for U+msa on input line 87.

(/usr/share/texmf-texlive/tex/latex/amsfonts/umsa.fd
File: umsa.fd 2009/06/22 v3.00 AMS symbols A
)
LaTeX Font Info:    Try loading font information for U+msb on input line 87.

(/usr/share/texmf-texlive/tex/latex/amsfonts/umsb.fd
File: umsb.fd 2009/06/22 v3.00 AMS symbols B
)

LaTeX Warning: No \author given.

[1


{/var/lib/texmf/fonts/map/pdftex/updmap/pdftex.map} <./images/upc.png>]
[2]
Underfull \hbox (badness 10000) in paragraph at lines 102--103

 []


Underfull \hbox (badness 10000) in paragraph at lines 116--117

 []


Package Fancyhdr Warning: \headheight is too small (12.0pt): 
 Make it at least 13.59999pt.
 We now make it that large for the rest of the document.
 This may cause the page layout to be inconsistent, however.


Package pdftex.def Warning: Option `bb' does not make sense,
(pdftex.def)                using `viewport' instead on input line 121.

<images/etseib_blue.png, id=124, 157.388pt x 206.371pt>
File: images/etseib_blue.png Graphic file (type png)

<use images/etseib_blue.png>

Package Fancyhdr Warning: \footskip is too small (27.46295pt): 
 Make it at least 51.59195pt.
 We now make it that large for the rest of the document.
 This may cause the page layout to be inconsistent, however.

pdfTeX warning (ext4): destination with the same identifier (name{page.1}) has 
been already used, duplicate ignored
<to be read again> 
                   \relax 
l.121 
       [1 <./images/etseib_blue.png>]

Package pdftex.def Warning: Option `bb' does not make sense,
(pdftex.def)                using `viewport' instead on input line 131.

File: images/etseib_blue.png Graphic file (type png)
<use images/etseib_blue.png>pdfTeX warning (ext4): destination with the same id
entifier (name{page.2}) has been already used, duplicate ignored
<to be read again> 
                   \relax 
l.131 \newpage
               [2] (./prolat.toc)
\tf@toc=\write6
\openout6 = `prolat.toc'.

pdfTeX warning (ext4): destination with the same identifier (name{page.1}) has 
been already used, duplicate ignored
<to be read again> 
                   \relax 
l.138 \newpage
               [1

]

Package pdftex.def Warning: Option `bb' does not make sense,
(pdftex.def)                using `viewport' instead on input line 141.

File: images/etseib_blue.png Graphic file (type png)
<use images/etseib_blue.png> [4

] (./prolat.lof)
\tf@lof=\write7
\openout7 = `prolat.lof'.

 [5]

Package pdftex.def Warning: Option `bb' does not make sense,
(pdftex.def)                using `viewport' instead on input line 144.

File: images/etseib_blue.png Graphic file (type png)
<use images/etseib_blue.png> [6

]
Cap\'{\i }tulo 1.

Underfull \hbox (badness 10000) in paragraph at lines 148--149

 []


Underfull \hbox (badness 10000) in paragraph at lines 150--151

 []


Underfull \hbox (badness 10000) in paragraph at lines 152--153

 []


Underfull \hbox (badness 10000) in paragraph at lines 154--155

 []


Underfull \hbox (badness 10000) in paragraph at lines 160--161

 []

[7]
Underfull \hbox (badness 10000) in paragraph at lines 164--165

 []


Package pdftex.def Warning: Option `bb' does not make sense,
(pdftex.def)                using `viewport' instead on input line 168.

File: images/etseib_blue.png Graphic file (type png)
<use images/etseib_blue.png> [8]
Cap\'{\i }tulo 2.

Underfull \hbox (badness 10000) in paragraph at lines 172--173

 []


Package pdftex.def Warning: Option `bb' does not make sense,
(pdftex.def)                using `viewport' instead on input line 176.

<images/quadcopter_example.png, id=251, 325.215pt x 183.084pt>
File: images/quadcopter_example.png Graphic file (type png)

<use images/quadcopter_example.png>
Underfull \hbox (badness 10000) in paragraph at lines 182--183

 []


Underfull \hbox (badness 10000) in paragraph at lines 189--190

 []

[9

 <./images/quadcopter_example.png>]

Package pdftex.def Warning: Option `bb' does not make sense,
(pdftex.def)                using `viewport' instead on input line 193.

<images/6_armed_quadcopter.png, id=257, 642.4pt x 361.35pt>
File: images/6_armed_quadcopter.png Graphic file (type png)

<use images/6_armed_quadcopter.png>
Underfull \hbox (badness 10000) in paragraph at lines 198--199

 []


Underfull \hbox (badness 10000) in paragraph at lines 204--205

 []


Underfull \hbox (badness 10000) in paragraph at lines 206--207

 []


Underfull \hbox (badness 10000) in paragraph at lines 208--209

 []


Package pdftex.def Warning: Option `bb' does not make sense,
(pdftex.def)                using `viewport' instead on input line 209.

File: images/etseib_blue.png Graphic file (type png)
<use images/etseib_blue.png> [10 <./images/6_armed_quadcopter.png>]
Underfull \hbox (badness 10000) in paragraph at lines 210--211

 []


Underfull \hbox (badness 10000) in paragraph at lines 212--213

 []


Underfull \hbox (badness 10000) in paragraph at lines 217--218

 []


Underfull \hbox (badness 10000) in paragraph at lines 219--220

 []


Package pdftex.def Warning: Option `bb' does not make sense,
(pdftex.def)                using `viewport' instead on input line 227.

File: images/etseib_blue.png Graphic file (type png)
<use images/etseib_blue.png> [11]

Package pdftex.def Warning: Option `bb' does not make sense,
(pdftex.def)                using `viewport' instead on input line 228.

File: images/etseib_blue.png Graphic file (type png)
<use images/etseib_blue.png> [12

]
Cap\'{\i }tulo 3.

LaTeX Warning: Command \textordmasculine invalid in math mode on input line 235
.


LaTeX Warning: Command \textordmasculine invalid in math mode on input line 235
.

Missing character: There is no  in font cmr10!

Package pdftex.def Warning: Option `bb' does not make sense,
(pdftex.def)                using `viewport' instead on input line 240.

<images/quad.png, id=274, 496.254pt x 209.583pt>
File: images/quad.png Graphic file (type png)
 <use images/quad.png> [13 <./images/quad.png>]
Underfull \vbox (badness 1122) has occurred while \output is active []



Package pdftex.def Warning: Option `bb' does not make sense,
(pdftex.def)                using `viewport' instead on input line 321.

File: images/etseib_blue.png Graphic file (type png)
<use images/etseib_blue.png> [14]
Overfull \hbox (2.03055pt too wide) in paragraph at lines 385--386
[]\T1/cmr/m/n/10.95 Las ecua-cio-nes que go-bier-nan el sis-te-ma se ob-tie-nen
 con el m-to-do de Euler-Lagrange,
 []


Underfull \vbox (badness 10000) has occurred while \output is active []



Package pdftex.def Warning: Option `bb' does not make sense,
(pdftex.def)                using `viewport' instead on input line 388.

File: images/etseib_blue.png Graphic file (type png)
<use images/etseib_blue.png> [15]
Underfull \hbox (badness 10000) in paragraph at lines 402--407

 []


Underfull \hbox (badness 10000) in paragraph at lines 435--436

 []


Package pdftex.def Warning: Option `bb' does not make sense,
(pdftex.def)                using `viewport' instead on input line 436.

File: images/etseib_blue.png Graphic file (type png)
<use images/etseib_blue.png> [16]

Package pdftex.def Warning: Option `bb' does not make sense,
(pdftex.def)                using `viewport' instead on input line 532.

File: images/etseib_blue.png Graphic file (type png)
<use images/etseib_blue.png> [17]
Overfull \hbox (12.6054pt too wide) in paragraph at lines 565--566
\T1/cmr/m/n/10.95 ta-dos, y por tan-to el vec-tor de es-ta-dos se-r de la for-
ma $[] \U/MnSymbolD/m/n/10.95 ^^@ []$\T1/cmr/m/n/10.95 .
 []


Underfull \hbox (badness 10000) in paragraph at lines 565--566

 []


Underfull \vbox (badness 10000) has occurred while \output is active []



Package pdftex.def Warning: Option `bb' does not make sense,
(pdftex.def)                using `viewport' instead on input line 591.

File: images/etseib_blue.png Graphic file (type png)
<use images/etseib_blue.png> [18]
Underfull \vbox (badness 10000) has occurred while \output is active []



Package pdftex.def Warning: Option `bb' does not make sense,
(pdftex.def)                using `viewport' instead on input line 660.

File: images/etseib_blue.png Graphic file (type png)
<use images/etseib_blue.png> [19]
Underfull \hbox (badness 10000) in paragraph at lines 760--761

 []


Package pdftex.def Warning: Option `bb' does not make sense,
(pdftex.def)                using `viewport' instead on input line 763.

File: images/etseib_blue.png Graphic file (type png)
<use images/etseib_blue.png> [20]pdfTeX warning (ext4): destination with the sa
me identifier (name{equation.3.2.37}) has been already used, duplicate ignored
<to be read again> 
                   \relax 
l.764 \begin{equation}
                      pdfTeX warning (ext4): destination with the same identifi
er (name{equation.3.2.37}) has been already used, duplicate ignored
<to be read again> 
                   \relax 
l.764 \begin{equation}
                      pdfTeX warning (ext4): destination with the same identifi
er (name{equation.3.2.37}) has been already used, duplicate ignored
<to be read again> 
                   \relax 
l.764 \begin{equation}
                      pdfTeX warning (ext4): destination with the same identifi
er (name{equation.3.2.37}) has been already used, duplicate ignored
<to be read again> 
                   \relax 
l.764 \begin{equation}
                      

Package pdftex.def Warning: Option `bb' does not make sense,
(pdftex.def)                using `viewport' instead on input line 811.

File: images/etseib_blue.png Graphic file (type png)
<use images/etseib_blue.png> [21]

Package pdftex.def Warning: Option `bb' does not make sense,
(pdftex.def)                using `viewport' instead on input line 818.

<images/Simulink_model.png, id=361, 566.115pt x 737.154pt>
File: images/Simulink_model.png Graphic file (type png)

<use images/Simulink_model.png>
Underfull \hbox (badness 10000) in paragraph at lines 823--824

 []


Package pdftex.def Warning: Option `bb' does not make sense,
(pdftex.def)                using `viewport' instead on input line 826.

File: images/etseib_blue.png Graphic file (type png)
<use images/etseib_blue.png> [22 <./images/Simulink_model.png>]

LaTeX Warning: Command \' invalid in math mode on input line 827.

Missing character: There is no  in font cmr10!

Underfull \hbox (badness 10000) in paragraph at lines 827--828

 []


Underfull \hbox (badness 10000) in paragraph at lines 843--844

 []


LaTeX Warning: Command \' invalid in math mode on input line 845.

Missing character: There is no  in font cmr10!

Package pdftex.def Warning: Option `bb' does not make sense,
(pdftex.def)                using `viewport' instead on input line 868.

File: images/etseib_blue.png Graphic file (type png)
<use images/etseib_blue.png> [23]

Package pdftex.def Warning: Option `bb' does not make sense,
(pdftex.def)                using `viewport' instead on input line 895.

File: images/etseib_blue.png Graphic file (type png)
<use images/etseib_blue.png> [24]

Package pdftex.def Warning: Option `bb' does not make sense,
(pdftex.def)                using `viewport' instead on input line 904.

File: images/etseib_blue.png Graphic file (type png)
<use images/etseib_blue.png> [25]

Package pdftex.def Warning: Option `bb' does not make sense,
(pdftex.def)                using `viewport' instead on input line 905.

File: images/etseib_blue.png Graphic file (type png)
<use images/etseib_blue.png> [26

]
Cap\'{\i }tulo 4.

Underfull \hbox (badness 10000) in paragraph at lines 908--909

 []

[27]
LaTeX Font Info:    Try loading font information for T1+cmtt on input line 1021
.
 (/usr/share/texmf-texlive/tex/latex/base/t1cmtt.fd
File: t1cmtt.fd 1999/05/25 v2.5h Standard LaTeX font definitions
)
Underfull \vbox (badness 2253) has occurred while \output is active []



Package pdftex.def Warning: Option `bb' does not make sense,
(pdftex.def)                using `viewport' instead on input line 1034.

File: images/etseib_blue.png Graphic file (type png)
<use images/etseib_blue.png> [28pdfTeX warning (ext4): destination with the sam
e identifier (name{equation.4.2.6}) has been already used, duplicate ignored

\AtBegShi@Output ...ipout \box \AtBeginShipoutBox 
                                                  \fi \fi 
l.1034 \end{equation}
                     ]
Underfull \hbox (badness 10000) in paragraph at lines 1060--1061

 []


Package pdftex.def Warning: Option `bb' does not make sense,
(pdftex.def)                using `viewport' instead on input line 1064.

File: images/etseib_blue.png Graphic file (type png)
<use images/etseib_blue.png> [29]

Package pdftex.def Warning: Option `bb' does not make sense,
(pdftex.def)                using `viewport' instead on input line 1068.

<images/Simulink_model_2.png, id=477, 996.523pt x 586.19pt>
File: images/Simulink_model_2.png Graphic file (type png)

<use images/Simulink_model_2.png>

Package pdftex.def Warning: Option `bb' does not make sense,
(pdftex.def)                using `viewport' instead on input line 1093.

File: images/etseib_blue.png Graphic file (type png)
<use images/etseib_blue.png> [30 <./images/Simulink_model_2.png>]
Underfull \vbox (badness 10000) has occurred while \output is active []



Package pdftex.def Warning: Option `bb' does not make sense,
(pdftex.def)                using `viewport' instead on input line 1133.

File: images/etseib_blue.png Graphic file (type png)
<use images/etseib_blue.png> [31]

Package pdftex.def Warning: Option `bb' does not make sense,
(pdftex.def)                using `viewport' instead on input line 1139.

<images/simulation_2.png, id=532, 1033.61156pt x 609.02531pt>
File: images/simulation_2.png Graphic file (type png)

<use images/simulation_2.png>

Package pdftex.def Warning: Option `bb' does not make sense,
(pdftex.def)                using `viewport' instead on input line 1149.

<images/simulation_1.png, id=533, 1003.49907pt x 598.48593pt>
File: images/simulation_1.png Graphic file (type png)

<use images/simulation_1.png>

Package pdftex.def Warning: Option `bb' does not make sense,
(pdftex.def)                using `viewport' instead on input line 1156.

File: images/etseib_blue.png Graphic file (type png)
<use images/etseib_blue.png> [32 <./images/simulation_2.png> <./images/simulati
on_1.png>]
Cap\'{\i }tulo 5.

Underfull \hbox (badness 10000) in paragraph at lines 1160--1161

 []


Package pdftex.def Warning: Option `bb' does not make sense,
(pdftex.def)                using `viewport' instead on input line 1166.

<images/flowchart.png, id=541, 373.395pt x 235.63031pt>
File: images/flowchart.png Graphic file (type png)

<use images/flowchart.png> [33

 <./images/flowchart.png>]

Package pdftex.def Warning: Option `bb' does not make sense,
(pdftex.def)                using `viewport' instead on input line 1196.

File: images/etseib_blue.png Graphic file (type png)
<use images/etseib_blue.png> [34]
Cap\'{\i }tulo 6.

Package pdftex.def Warning: Option `bb' does not make sense,
(pdftex.def)                using `viewport' instead on input line 1211.

<images/RPi.png, id=556, 1027.84pt x 822.272pt>
File: images/RPi.png Graphic file (type png)
 <use images/RPi.png>

Package pdftex.def Warning: Option `bb' does not make sense,
(pdftex.def)                using `viewport' instead on input line 1222.

<images/RPi2.png, id=557, 411.136pt x 320.397pt>
File: images/RPi2.png Graphic file (type png)
 <use images/RPi2.png> [35

 <./images/RPi.png>]

Package pdftex.def Warning: Option `bb' does not make sense,
(pdftex.def)                using `viewport' instead on input line 1241.

<images/mpu-6050.png, id=566, 293.898pt x 385.44pt>
File: images/mpu-6050.png Graphic file (type png)
 <use images/mpu-6050.png>
Overfull \hbox (16.07733pt too wide) in paragraph at lines 1238--1246
\T1/cmr/m/n/10.95 Como ca-rac-te-rs-ti-cas de los sen-so-res: el gi-rs-co-po 
tie-ne un ran-go de $\U/MnSymbolC/m/n/10.95 ^^V\OT1/cmr/m/n/10.95 250\OML/cmm/m
/it/10.95 ; \U/MnSymbolC/m/n/10.95 ^^V\OT1/cmr/m/n/10.95 500\OML/cmm/m/it/10.95
 ; \U/MnSymbolC/m/n/10.95 ^^V\OT1/cmr/m/n/10.95 1000\OML/cmm/m/it/10.95 ; \U/Mn
SymbolC/m/n/10.95 ^^V\OT1/cmr/m/n/10.95 2000$
 []


Package pdftex.def Warning: Option `bb' does not make sense,
(pdftex.def)                using `viewport' instead on input line 1249.

File: images/etseib_blue.png Graphic file (type png)
<use images/etseib_blue.png> [36 <./images/RPi2.png> <./images/mpu-6050.png>]

Package pdftex.def Warning: Option `bb' does not make sense,
(pdftex.def)                using `viewport' instead on input line 1252.

<images/E_R.png, id=574, 358.941pt x 284.262pt>
File: images/E_R.png Graphic file (type png)
 <use images/E_R.png>

Package pdftex.def Warning: Option `bb' does not make sense,
(pdftex.def)                using `viewport' instead on input line 1270.

<images/LiPo.png, id=575, 1150.699pt x 786.137pt>
File: images/LiPo.png Graphic file (type png)
 <use images/LiPo.png>

Package pdftex.def Warning: Option `bb' does not make sense,
(pdftex.def)                using `viewport' instead on input line 1280.

File: images/etseib_blue.png Graphic file (type png)
<use images/etseib_blue.png> [37 <./images/E_R.png> <./images/LiPo.png>]

Package pdftex.def Warning: Option `bb' does not make sense,
(pdftex.def)                using `viewport' instead on input line 1295.

<images/lm2576s.png, id=585, 538.01pt x 154.176pt>
File: images/lm2576s.png Graphic file (type png)
 <use images/lm2576s.png>

Package pdftex.def Warning: Option `bb' does not make sense,
(pdftex.def)                using `viewport' instead on input line 1319.

File: images/etseib_blue.png Graphic file (type png)
<use images/etseib_blue.png> [38 <./images/lm2576s.png>]

Package pdftex.def Warning: Option `bb' does not make sense,
(pdftex.def)                using `viewport' instead on input line 1329.

<images/ESC.png, id=594, 358.138pt x 204.765pt>
File: images/ESC.png Graphic file (type png)
 <use images/ESC.png>

Package pdftex.def Warning: Option `bb' does not make sense,
(pdftex.def)                using `viewport' instead on input line 1344.

<images/ESC_config.png, id=595, 845.559pt x 282.656pt>
File: images/ESC_config.png Graphic file (type png)

<use images/ESC_config.png>
Overfull \hbox (63.05873pt too wide) in paragraph at lines 1344--1345
 [] 
 []


LaTeX Warning: `!h' float specifier changed to `!ht'.


Package pdftex.def Warning: Option `bb' does not make sense,
(pdftex.def)                using `viewport' instead on input line 1354.

File: images/etseib_blue.png Graphic file (type png)
<use images/etseib_blue.png> [39 <./images/ESC.png>]

Package pdftex.def Warning: Option `bb' does not make sense,
(pdftex.def)                using `viewport' instead on input line 1357.

<images/frame.png, id=603, 2055.68pt x 1156.32pt>
File: images/frame.png Graphic file (type png)
 <use images/frame.png>

Package pdftex.def Warning: Option `bb' does not make sense,
(pdftex.def)                using `viewport' instead on input line 1371.

<images/propellers4.png, id=604, 425.59pt x 227.249pt>
File: images/propellers4.png Graphic file (type png)

<use images/propellers4.png>

Package pdftex.def Warning: Option `bb' does not make sense,
(pdftex.def)                using `viewport' instead on input line 1374.

File: images/etseib_blue.png Graphic file (type png)
<use images/etseib_blue.png> [40 <./images/ESC_config.png> <./images/frame.png>
]

Package pdftex.def Warning: Option `bb' does not make sense,
(pdftex.def)                using `viewport' instead on input line 1382.

<images/propeller_xy.png, id=613, 179.872pt x 92.345pt>
File: images/propeller_xy.png Graphic file (type png)

<use images/propeller_xy.png>

Package pdftex.def Warning: Option `bb' does not make sense,
(pdftex.def)                using `viewport' instead on input line 1387.

File: images/etseib_blue.png Graphic file (type png)
<use images/etseib_blue.png> [41 <./images/propellers4.png> <./images/propeller
_xy.png>]
Underfull \hbox (badness 10000) in paragraph at lines 1390--1391

 []


Package pdftex.def Warning: Option `bb' does not make sense,
(pdftex.def)                using `viewport' instead on input line 1395.

<images/frame_mount.png, id=621, 1121.791pt x 827.09pt>
File: images/frame_mount.png Graphic file (type png)

<use images/frame_mount.png>
Underfull \hbox (badness 10000) in paragraph at lines 1400--1401

 []


Package pdftex.def Warning: Option `bb' does not make sense,
(pdftex.def)                using `viewport' instead on input line 1404.

<images/ensamblaje_rpi_mount.png, id=622, 633.567pt x 532.389pt>
File: images/ensamblaje_rpi_mount.png Graphic file (type png)

<use images/ensamblaje_rpi_mount.png>
Underfull \hbox (badness 10000) in paragraph at lines 1409--1410

 []


Package pdftex.def Warning: Option `bb' does not make sense,
(pdftex.def)                using `viewport' instead on input line 1410.

File: images/etseib_blue.png Graphic file (type png)
<use images/etseib_blue.png> [42 <./images/frame_mount.png> <./images/ensamblaj
e_rpi_mount.png>]

Package pdftex.def Warning: Option `bb' does not make sense,
(pdftex.def)                using `viewport' instead on input line 1413.

<images/comp_motor_wires.png, id=629, 953.964pt x 658.46pt>
File: images/comp_motor_wires.png Graphic file (type png)

<use images/comp_motor_wires.png>
Underfull \hbox (badness 10000) in paragraph at lines 1419--1420

 []


Underfull \hbox (badness 10000) in paragraph at lines 1421--1422

 []


Package pdftex.def Warning: Option `bb' does not make sense,
(pdftex.def)                using `viewport' instead on input line 1425.

<images/ensamblaje_pata.png, id=630, 443.256pt x 403.909pt>
File: images/ensamblaje_pata.png Graphic file (type png)

<use images/ensamblaje_pata.png>

Package pdftex.def Warning: Option `bb' does not make sense,
(pdftex.def)                using `viewport' instead on input line 1426.

<images/detalle_pata.png, id=631, 761.244pt x 986.084pt>
File: images/detalle_pata.png Graphic file (type png)

<use images/detalle_pata.png>
Underfull \hbox (badness 10000) in paragraph at lines 1431--1432

 []


Package pdftex.def Warning: Option `bb' does not make sense,
(pdftex.def)                using `viewport' instead on input line 1433.

File: images/etseib_blue.png Graphic file (type png)
<use images/etseib_blue.png> [43 <./images/comp_motor_wires.png> <./images/ensa
mblaje_pata.png> <./images/detalle_pata.png>]
Underfull \hbox (badness 10000) in paragraph at lines 1480--1481

 []


Underfull \hbox (badness 10000) in paragraph at lines 1482--1483

 []


Package pdftex.def Warning: Option `bb' does not make sense,
(pdftex.def)                using `viewport' instead on input line 1489.

<images/qc_final.png, id=640, 1788.6825pt x 1180.41pt>
File: images/qc_final.png Graphic file (type png)

<use images/qc_final.png>

Package pdftex.def Warning: Option `bb' does not make sense,
(pdftex.def)                using `viewport' instead on input line 1495.

File: images/etseib_blue.png Graphic file (type png)
<use images/etseib_blue.png> [44 <./images/qc_final.png>]
Cap\'{\i }tulo 7.

Overfull \hbox (4.54935pt too wide) in paragraph at lines 1503--1542
[]  [] 
 []

[45

]

Package pdftex.def Warning: Option `bb' does not make sense,
(pdftex.def)                using `viewport' instead on input line 1545.

File: images/etseib_blue.png Graphic file (type png)
<use images/etseib_blue.png> [46

]
Cap\'{\i }tulo 8.

Underfull \hbox (badness 10000) in paragraph at lines 1547--1548

 []


Underfull \hbox (badness 10000) in paragraph at lines 1553--1554

 []

[47]

Package pdftex.def Warning: Option `bb' does not make sense,
(pdftex.def)                using `viewport' instead on input line 1559.

File: images/etseib_blue.png Graphic file (type png)
<use images/etseib_blue.png> [48

]
Cap\'{\i }tulo 9.
[49]

Package pdftex.def Warning: Option `bb' does not make sense,
(pdftex.def)                using `viewport' instead on input line 1569.

File: images/etseib_blue.png Graphic file (type png)
<use images/etseib_blue.png> [50

]
Underfull \hbox (badness 10000) in paragraph at lines 1571--1572

 []

[51]

Package pdftex.def Warning: Option `bb' does not make sense,
(pdftex.def)                using `viewport' instead on input line 1577.

File: images/etseib_blue.png Graphic file (type png)
<use images/etseib_blue.png> [52

]
Underfull \hbox (badness 3746) in paragraph at lines 1580--1581
[]\T1/cmr/m/n/10.95 Acelermetro y gi-ros-co-pio MPU-6050 pa-ra Ar-duino: []$\T
1/cmtt/m/n/10.95 http : / / playground .
 []


Underfull \hbox (badness 2150) in paragraph at lines 1581--1582
[]\T1/cmr/m/n/10.95 MPU-6050. Es-pe-ci-fi-ca-cin del pro-duc-to: []$\T1/cmtt/m
/n/10.95 http : / / www . invensense . com / mems /
 []


Underfull \hbox (badness 10000) in paragraph at lines 1585--1586
[]\T1/cmr/m/n/10.95 Artculo so-bre LQR de Wi-ki-pe-dia: []$\T1/cmtt/m/n/10.95 
http : / / en . wikipedia . org / wiki /
 []

[53]

Package pdftex.def Warning: Option `bb' does not make sense,
(pdftex.def)                using `viewport' instead on input line 1595.

File: images/etseib_blue.png Graphic file (type png)
<use images/etseib_blue.png> [54

]
Underfull \hbox (badness 10000) in paragraph at lines 1598--1599

 []

[55]
Underfull \hbox (badness 10000) in paragraph at lines 1677--1678

 []


Package pdftex.def Warning: Option `bb' does not make sense,
(pdftex.def)                using `viewport' instead on input line 1680.

File: images/etseib_blue.png Graphic file (type png)
<use images/etseib_blue.png> [56]

Package pdftex.def Warning: Option `bb' does not make sense,
(pdftex.def)                using `viewport' instead on input line 1714.

File: images/etseib_blue.png Graphic file (type png)
<use images/etseib_blue.png> [57]

Package pdftex.def Warning: Option `bb' does not make sense,
(pdftex.def)                using `viewport' instead on input line 1757.

File: images/etseib_blue.png Graphic file (type png)
<use images/etseib_blue.png> [58]

Package pdftex.def Warning: Option `bb' does not make sense,
(pdftex.def)                using `viewport' instead on input line 1807.

File: images/etseib_blue.png Graphic file (type png)
<use images/etseib_blue.png> [59]

Package pdftex.def Warning: Option `bb' does not make sense,
(pdftex.def)                using `viewport' instead on input line 1833.

File: images/etseib_blue.png Graphic file (type png)
<use images/etseib_blue.png> [60]

Package pdftex.def Warning: Option `bb' does not make sense,
(pdftex.def)                using `viewport' instead on input line 1840.

<images/InstalRasp1.png, id=931, 615.098pt x 30.514pt>
File: images/InstalRasp1.png Graphic file (type png)

<use images/InstalRasp1.png>
Overfull \hbox (125.64342pt too wide) in paragraph at lines 1840--1841
 [] 
 []


Overfull \hbox (17.47122pt too wide) in paragraph at lines 1850--1850
[]    \T1/cmtt/m/n/10.95 sudo dd bs=4M if=~/Escritorio/2013-07-26-wheezy-raspbi
an.img of=/dev/sdb[] 
 []


Package pdftex.def Warning: Option `bb' does not make sense,
(pdftex.def)                using `viewport' instead on input line 1898.

<images/i2cdetect.png, id=932, 374.198pt x 142.934pt>
File: images/i2cdetect.png Graphic file (type png)

<use images/i2cdetect.png>

LaTeX Warning: `!h' float specifier changed to `!ht'.


Package pdftex.def Warning: Option `bb' does not make sense,
(pdftex.def)                using `viewport' instead on input line 1907.

File: images/etseib_blue.png Graphic file (type png)
<use images/etseib_blue.png> [61 <./images/InstalRasp1.png>]

Package pdftex.def Warning: Option `bb' does not make sense,
(pdftex.def)                using `viewport' instead on input line 1911.

File: images/etseib_blue.png Graphic file (type png)
<use images/etseib_blue.png> [62 <./images/i2cdetect.png>]
Underfull \hbox (badness 10000) in paragraph at lines 1927--1928

 []


Underfull \hbox (badness 10000) in paragraph at lines 1929--1930

 []


Package pdftex.def Warning: Option `bb' does not make sense,
(pdftex.def)                using `viewport' instead on input line 1965.

<images/fun_dens_x.png, id=950, 770.077pt x 262.581pt>
File: images/fun_dens_x.png Graphic file (type png)

<use images/fun_dens_x.png>

LaTeX Warning: `!h' float specifier changed to `!ht'.


Package pdftex.def Warning: Option `bb' does not make sense,
(pdftex.def)                using `viewport' instead on input line 1969.

File: images/etseib_blue.png Graphic file (type png)
<use images/etseib_blue.png> [63]
Underfull \hbox (badness 10000) in paragraph at lines 1976--1977

 []


Package pdftex.def Warning: Option `bb' does not make sense,
(pdftex.def)                using `viewport' instead on input line 1988.

<images/comp_fun_dens_x.png, id=963, 761.244pt x 309.155pt>
File: images/comp_fun_dens_x.png Graphic file (type png)

<use images/comp_fun_dens_x.png>

Package pdftex.def Warning: Option `bb' does not make sense,
(pdftex.def)                using `viewport' instead on input line 2003.

File: images/etseib_blue.png Graphic file (type png)
<use images/etseib_blue.png> [64 <./images/fun_dens_x.png> <./images/comp_fun_d
ens_x.png>]
Underfull \hbox (badness 10000) in paragraph at lines 2045--2046

 []

(/usr/share/texmf-texlive/tex/latex/listings/lstlang1.sty
File: lstlang1.sty 2004/09/05 1.3 listings language file
)
(/usr/share/texmf-texlive/tex/latex/listings/lstmisc.sty
File: lstmisc.sty 2007/02/22 1.4 (Carsten Heinz)
)

Package pdftex.def Warning: Option `bb' does not make sense,
(pdftex.def)                using `viewport' instead on input line 2084.

File: images/etseib_blue.png Graphic file (type png)
<use images/etseib_blue.png> [65]

Package pdftex.def Warning: Option `bb' does not make sense,
(pdftex.def)                using `viewport' instead on input line 2182.

File: images/etseib_blue.png Graphic file (type png)
<use images/etseib_blue.png> [66]

Package pdftex.def Warning: Option `bb' does not make sense,
(pdftex.def)                using `viewport' instead on input line 2191.

File: images/etseib_blue.png Graphic file (type png)
<use images/etseib_blue.png> [67]
Underfull \hbox (badness 10000) in paragraph at lines 2194--2195

 []


Underfull \hbox (badness 10000) in paragraph at lines 2196--2197

 []


Package pdftex.def Warning: Option `bb' does not make sense,
(pdftex.def)                using `viewport' instead on input line 2251.

File: images/etseib_blue.png Graphic file (type png)
<use images/etseib_blue.png> [68]
Underfull \hbox (badness 10000) in paragraph at lines 2299--2300

 []


Package pdftex.def Warning: Option `bb' does not make sense,
(pdftex.def)                using `viewport' instead on input line 2340.

File: images/etseib_blue.png Graphic file (type png)
<use images/etseib_blue.png> [69]

Package pdftex.def Warning: Option `bb' does not make sense,
(pdftex.def)                using `viewport' instead on input line 2392.

File: images/etseib_blue.png Graphic file (type png)
<use images/etseib_blue.png> [70]
Underfull \vbox (badness 10000) has occurred while \output is active []



Package pdftex.def Warning: Option `bb' does not make sense,
(pdftex.def)                using `viewport' instead on input line 2482.

File: images/etseib_blue.png Graphic file (type png)
<use images/etseib_blue.png> [71]

Package pdftex.def Warning: Option `bb' does not make sense,
(pdftex.def)                using `viewport' instead on input line 2529.

File: images/etseib_blue.png Graphic file (type png)
<use images/etseib_blue.png> [72]

Package pdftex.def Warning: Option `bb' does not make sense,
(pdftex.def)                using `viewport' instead on input line 2575.

File: images/etseib_blue.png Graphic file (type png)
<use images/etseib_blue.png> [73] (./prolat.aux) ) 
Here is how much of TeX's memory you used:
 26077 strings out of 493848
 505992 string characters out of 1152823
 1049492 words of memory out of 3000000
 28172 multiletter control sequences out of 15000+50000
 29797 words of font info for 80 fonts, out of 3000000 for 9000
 714 hyphenation exceptions out of 8191
 63i,22n,61p,755b,1852s stack positions out of 5000i,500n,10000p,200000b,50000s
{/usr/share/texmf-texlive/fon
ts/enc/dvips/mnsymbol/MnSymbolC.enc}{/usr/share/texmf-texlive/fonts/enc/dvips/m
nsymbol/MnSymbolE.enc}{/usr/share/texmf/fonts/enc/dvips/cm-super/cm-super-t1.en
c}{/usr/share/texmf/fonts/enc/dvips/cm-super/cm-super-ts1.enc}{/usr/share/texmf
-texlive/fonts/enc/dvips/mnsymbol/MnSymbolA.enc}{/usr/share/texmf-texlive/fonts
/enc/dvips/mnsymbol/MnSymbolD.enc}{/usr/share/texmf-texlive/fonts/enc/dvips/mns
ymbol/MnSymbolF.enc}{/usr/share/texmf-texlive/fonts/enc/dvips/mnsymbol/MnSymbol
S.enc}</usr/share/texmf-texlive/fonts/type1/public/mnsymbol/MnSymbol10.pfb></us
r/share/texmf-texlive/fonts/type1/public/mnsymbol/MnSymbol6.pfb></usr/share/tex
mf-texlive/fonts/type1/public/mnsymbol/MnSymbol8.pfb></usr/share/texmf-texlive/
fonts/type1/public/amsfonts/cm/cmbx10.pfb></usr/share/texmf-texlive/fonts/type1
/public/amsfonts/cm/cmbx8.pfb></usr/share/texmf-texlive/fonts/type1/public/amsf
onts/cm/cmmi10.pfb></usr/share/texmf-texlive/fonts/type1/public/amsfonts/cm/cmm
i6.pfb></usr/share/texmf-texlive/fonts/type1/public/amsfonts/cm/cmmi8.pfb></usr
/share/texmf-texlive/fonts/type1/public/amsfonts/cm/cmr10.pfb></usr/share/texmf
-texlive/fonts/type1/public/amsfonts/cm/cmr12.pfb></usr/share/texmf-texlive/fon
ts/type1/public/amsfonts/cm/cmr6.pfb></usr/share/texmf-texlive/fonts/type1/publ
ic/amsfonts/cm/cmr8.pfb></usr/share/texmf/fonts/type1/public/cm-super/sfbx1095.
pfb></usr/share/texmf/fonts/type1/public/cm-super/sfbx1440.pfb></usr/share/texm
f/fonts/type1/public/cm-super/sfbx2074.pfb></usr/share/texmf/fonts/type1/public
/cm-super/sfbx2488.pfb></usr/share/texmf/fonts/type1/public/cm-super/sfrm1095.p
fb></usr/share/texmf/fonts/type1/public/cm-super/sfrm1200.pfb></usr/share/texmf
/fonts/type1/public/cm-super/sfrm1728.pfb></usr/share/texmf/fonts/type1/public/
cm-super/sfrm2074.pfb></usr/share/texmf/fonts/type1/public/cm-super/sfrm2488.pf
b></usr/share/texmf/fonts/type1/public/cm-super/sfti1095.pfb></usr/share/texmf/
fonts/type1/public/cm-super/sftt1095.pfb>
Output written on prolat.pdf (75 pages, 25018219 bytes).
PDF statistics:
 1320 PDF objects out of 1440 (max. 8388607)
 590 named destinations out of 1000 (max. 500000)
 364 words of extra memory for PDF output out of 10000 (max. 10000000)

